*[name]finish[x]146[z]5[height]6.0[diam]9.0
*[name]tree[x]219[z]75[height]2.9[diam]2.5
*[name]tree[x]220[z]75[height]2.3[diam]2.3
*[name]tree[x]221[z]75[height]2.9[diam]2.6
*[name]tree[x]209[z]76[height]3.0[diam]2.8
*[name]tree[x]210[z]76[height]2.7[diam]2.0
*[name]tree[x]211[z]76[height]3.4[diam]2.8
*[name]tree[x]212[z]76[height]2.9[diam]2.6
*[name]tree[x]213[z]76[height]3.5[diam]2.5
*[name]tree[x]214[z]76[height]3.3[diam]2.8
*[name]tree[x]215[z]76[height]3.0[diam]2.2
*[name]tree[x]216[z]76[height]3.3[diam]2.4
*[name]tree[x]217[z]76[height]2.3[diam]1.9
*[name]tree[x]218[z]76[height]3.3[diam]2.7
*[name]tree[x]205[z]77[height]2.7[diam]2.0
*[name]tree[x]206[z]77[height]2.3[diam]2.2
*[name]tree[x]207[z]77[height]2.2[diam]2.2
*[name]tree[x]208[z]77[height]2.7[diam]2.4
*[name]tree[x]152[z]87[height]3.3[diam]2.5
*[name]tree[x]82[z]90[height]2.2[diam]2.0
*[name]tree[x]83[z]90[height]3.5[diam]3.3
*[name]tree[x]84[z]90[height]2.8[diam]2.8
*[name]tree[x]85[z]90[height]2.1[diam]1.6
*[name]tree[x]86[z]90[height]2.7[diam]2.1
*[name]tree[x]87[z]90[height]2.2[diam]1.9
*[name]tree[x]88[z]90[height]2.7[diam]2.7
*[name]tree[x]89[z]90[height]2.6[diam]2.1
*[name]tree[x]90[z]90[height]1.8[diam]1.7
*[name]tree[x]91[z]90[height]3.1[diam]3.0
*[name]tree[x]92[z]90[height]1.9[diam]1.5
*[name]tree[x]178[z]93[height]1.8[diam]1.5
*[name]tree[x]179[z]93[height]2.1[diam]1.7
*[name]tree[x]180[z]93[height]2.2[diam]2.0
*[name]tree[x]181[z]93[height]3.3[diam]2.4
*[name]tree[x]182[z]93[height]3.3[diam]2.5
*[name]tree[x]183[z]93[height]3.0[diam]2.9
*[name]tree[x]184[z]93[height]3.4[diam]2.7
*[name]tree[x]185[z]93[height]3.1[diam]2.3
*[name]tree[x]176[z]94[height]2.7[diam]2.2
*[name]tree[x]177[z]94[height]2.2[diam]2.1
*[name]tree[x]178[z]94[height]3.1[diam]2.9
*[name]tree[x]174[z]95[height]3.1[diam]2.4
*[name]tree[x]175[z]95[height]2.1[diam]1.9
*[name]tree[x]176[z]95[height]3.5[diam]3.4
*[name]tree[x]172[z]96[height]3.0[diam]2.2
*[name]tree[x]173[z]96[height]2.2[diam]2.0
*[name]tree[x]174[z]96[height]2.5[diam]2.1
*[name]tree[x]170[z]97[height]1.8[diam]1.6
*[name]tree[x]171[z]97[height]2.0[diam]1.9
*[name]tree[x]172[z]97[height]3.1[diam]2.3
*[name]tree[x]167[z]98[height]3.5[diam]2.9
*[name]tree[x]168[z]98[height]3.3[diam]3.2
*[name]tree[x]169[z]98[height]3.1[diam]2.8
*[name]tree[x]170[z]98[height]3.5[diam]2.8
*[name]tree[x]164[z]99[height]1.8[diam]1.4
*[name]tree[x]165[z]99[height]1.9[diam]1.8
*[name]tree[x]166[z]99[height]1.8[diam]1.7
*[name]tree[x]167[z]99[height]3.5[diam]2.6
*[name]tree[x]119[z]100[height]2.9[diam]2.8
*[name]tree[x]120[z]100[height]2.0[diam]1.6
*[name]tree[x]121[z]100[height]3.5[diam]2.8
*[name]tree[x]162[z]100[height]1.9[diam]1.5
*[name]tree[x]163[z]100[height]3.1[diam]2.3
*[name]tree[x]164[z]100[height]1.9[diam]1.8
*[name]tree[x]122[z]101[height]3.3[diam]3.2
*[name]tree[x]123[z]101[height]3.4[diam]3.3
*[name]tree[x]124[z]101[height]2.3[diam]2.2
*[name]tree[x]125[z]101[height]3.1[diam]2.3
*[name]tree[x]126[z]101[height]2.7[diam]2.5
*[name]tree[x]127[z]101[height]2.4[diam]2.1
*[name]tree[x]159[z]101[height]3.5[diam]2.9
*[name]tree[x]160[z]101[height]2.2[diam]2.2
*[name]tree[x]161[z]101[height]2.3[diam]1.8
*[name]tree[x]162[z]101[height]2.1[diam]2.0
*[name]tree[x]128[z]102[height]2.1[diam]1.6
*[name]tree[x]129[z]102[height]2.2[diam]1.7
*[name]tree[x]130[z]102[height]2.9[diam]2.3
*[name]tree[x]131[z]102[height]2.7[diam]2.2
*[name]tree[x]132[z]102[height]2.4[diam]2.1
*[name]tree[x]133[z]102[height]2.2[diam]1.8
*[name]tree[x]134[z]102[height]2.6[diam]2.0
*[name]tree[x]135[z]102[height]2.0[diam]1.8
*[name]tree[x]136[z]102[height]1.8[diam]1.7
*[name]tree[x]157[z]102[height]3.2[diam]2.8
*[name]tree[x]158[z]102[height]2.9[diam]2.2
*[name]tree[x]159[z]102[height]1.8[diam]1.6
*[name]tree[x]137[z]103[height]2.9[diam]2.3
*[name]tree[x]138[z]103[height]2.8[diam]2.7
*[name]tree[x]139[z]103[height]2.7[diam]2.5
*[name]tree[x]140[z]103[height]3.3[diam]2.9
*[name]tree[x]141[z]103[height]1.8[diam]1.4
*[name]tree[x]142[z]103[height]3.2[diam]2.9
*[name]tree[x]143[z]103[height]2.5[diam]2.1
*[name]tree[x]144[z]103[height]1.8[diam]1.7
*[name]tree[x]145[z]103[height]3.5[diam]2.8
*[name]tree[x]146[z]103[height]1.8[diam]1.5
*[name]tree[x]147[z]103[height]2.6[diam]2.0
*[name]tree[x]148[z]103[height]2.1[diam]1.8
*[name]tree[x]149[z]103[height]1.8[diam]1.3
*[name]tree[x]150[z]103[height]1.8[diam]1.6
*[name]tree[x]151[z]103[height]2.1[diam]1.5
*[name]tree[x]152[z]103[height]2.2[diam]2.0
*[name]tree[x]153[z]103[height]2.4[diam]2.2
*[name]tree[x]154[z]103[height]3.0[diam]2.9
*[name]tree[x]155[z]103[height]2.8[diam]2.4
*[name]tree[x]156[z]103[height]2.7[diam]2.4
*[name]float[x]142[z]109[height]1.0[diam]1.0
*[name]herring[x]135[z]143[height]1.0[diam]1.0
*[name]herring[x]136[z]143[height]1.0[diam]1.0
*[name]herring[x]135[z]150[height]1.0[diam]1.0
*[name]herring[x]134[z]158[height]1.0[diam]1.0
*[name]herring[x]137[z]164[height]1.0[diam]1.0
*[name]herring[x]134[z]174[height]1.0[diam]1.0
*[name]tree[x]187[z]179[height]2.9[diam]2.4
*[name]tree[x]188[z]179[height]2.2[diam]1.6
*[name]tree[x]183[z]180[height]3.0[diam]2.4
*[name]tree[x]188[z]180[height]3.3[diam]3.0
*[name]tree[x]192[z]180[height]2.8[diam]2.7
*[name]tree[x]183[z]181[height]2.0[diam]1.5
*[name]tree[x]183[z]182[height]1.8[diam]1.5
*[name]tree[x]189[z]182[height]2.7[diam]2.0
*[name]tree[x]193[z]182[height]2.3[diam]2.0
*[name]tree[x]183[z]183[height]2.9[diam]2.5
*[name]tree[x]184[z]183[height]2.9[diam]2.8
*[name]tree[x]61[z]186[height]2.3[diam]2.3
*[name]tree[x]61[z]187[height]3.0[diam]2.1
*[name]tree[x]190[z]188[height]3.2[diam]2.5
*[name]herring[x]132[z]189[height]1.0[diam]1.0
*[name]herring[x]133[z]189[height]1.0[diam]1.0
*[name]tree[x]205[z]193[height]2.8[diam]2.2
*[name]tree[x]68[z]197[height]3.3[diam]2.6
*[name]tree[x]82[z]199[height]3.0[diam]2.2
*[name]tree[x]223[z]201[height]2.3[diam]1.9
*[name]tree[x]89[z]210[height]2.5[diam]1.9
*[name]herring[x]132[z]210[height]1.0[diam]1.0
*[name]tree[x]103[z]212[height]2.0[diam]2.0
*[name]tree[x]98[z]218[height]1.8[diam]1.4
*[name]tree[x]99[z]218[height]1.8[diam]1.3
*[name]tree[x]100[z]218[height]2.8[diam]2.4
*[name]tree[x]101[z]218[height]1.9[diam]1.8
*[name]tree[x]97[z]219[height]2.0[diam]1.9
*[name]tree[x]98[z]219[height]2.4[diam]2.3
*[name]tree[x]101[z]219[height]2.9[diam]2.6
*[name]tree[x]102[z]219[height]3.0[diam]2.4
*[name]tree[x]165[z]219[height]3.0[diam]2.6
*[name]tree[x]166[z]219[height]2.8[diam]2.2
*[name]tree[x]167[z]219[height]3.2[diam]2.7
*[name]tree[x]96[z]220[height]2.6[diam]2.2
*[name]tree[x]97[z]220[height]2.8[diam]2.6
*[name]tree[x]102[z]220[height]3.4[diam]2.4
*[name]tree[x]167[z]220[height]3.4[diam]2.4
*[name]tree[x]168[z]220[height]3.5[diam]3.4
*[name]tree[x]169[z]220[height]2.3[diam]1.6
*[name]tree[x]96[z]221[height]3.5[diam]3.3
*[name]tree[x]170[z]221[height]2.8[diam]2.0
*[name]tree[x]171[z]221[height]3.0[diam]2.8
*[name]tree[x]95[z]222[height]3.2[diam]2.3
*[name]herring[x]134[z]222[height]1.0[diam]1.0
*[name]tree[x]171[z]222[height]2.6[diam]2.2
*[name]tree[x]172[z]222[height]3.1[diam]2.4
*[name]tree[x]94[z]223[height]3.1[diam]2.6
*[name]tree[x]95[z]223[height]3.0[diam]2.4
*[name]tree[x]172[z]223[height]3.0[diam]2.6
*[name]tree[x]173[z]223[height]3.1[diam]2.4
*[name]tree[x]94[z]224[height]1.9[diam]1.5
*[name]tree[x]173[z]224[height]3.4[diam]3.3
*[name]tree[x]174[z]224[height]2.5[diam]2.3
*[name]tree[x]93[z]225[height]3.5[diam]2.9
*[name]tree[x]174[z]225[height]3.1[diam]2.5
*[name]tree[x]175[z]225[height]2.5[diam]2.3
*[name]tree[x]83[z]226[height]2.0[diam]2.0
*[name]tree[x]84[z]226[height]3.1[diam]3.0
*[name]tree[x]85[z]226[height]3.0[diam]2.7
*[name]tree[x]86[z]226[height]3.4[diam]2.6
*[name]tree[x]87[z]226[height]3.5[diam]3.2
*[name]tree[x]88[z]226[height]2.4[diam]2.2
*[name]tree[x]89[z]226[height]2.1[diam]1.5
*[name]tree[x]90[z]226[height]1.9[diam]1.8
*[name]tree[x]91[z]226[height]2.8[diam]2.7
*[name]tree[x]92[z]226[height]1.8[diam]1.6
*[name]tree[x]175[z]226[height]2.1[diam]2.1
*[name]tree[x]81[z]227[height]2.9[diam]2.5
*[name]tree[x]82[z]227[height]3.1[diam]2.7
*[name]tree[x]175[z]227[height]3.5[diam]3.0
*[name]tree[x]80[z]228[height]3.3[diam]2.7
*[name]tree[x]175[z]228[height]2.2[diam]1.6
*[name]tree[x]79[z]229[height]2.4[diam]1.7
*[name]tree[x]175[z]229[height]3.2[diam]2.4
*[name]tree[x]78[z]230[height]2.8[diam]2.6
*[name]tree[x]175[z]230[height]2.2[diam]2.0
*[name]tree[x]76[z]231[height]2.6[diam]2.4
*[name]tree[x]77[z]231[height]2.3[diam]2.1
*[name]tree[x]175[z]231[height]3.0[diam]2.4
*[name]tree[x]75[z]232[height]2.7[diam]2.1
*[name]tree[x]76[z]232[height]2.1[diam]1.8
*[name]tree[x]175[z]232[height]3.4[diam]2.8
*[name]tree[x]176[z]232[height]2.6[diam]2.2
*[name]tree[x]74[z]233[height]3.5[diam]2.7
*[name]tree[x]75[z]233[height]2.0[diam]2.0
*[name]tree[x]176[z]233[height]3.0[diam]2.2
*[name]tree[x]73[z]234[height]2.3[diam]2.3
*[name]tree[x]176[z]234[height]1.9[diam]1.7
*[name]tree[x]177[z]234[height]3.5[diam]3.4
*[name]tree[x]72[z]235[height]3.1[diam]2.7
*[name]tree[x]73[z]235[height]2.9[diam]2.1
*[name]tree[x]177[z]235[height]2.0[diam]1.5
*[name]tree[x]178[z]235[height]2.9[diam]2.5
*[name]tree[x]179[z]235[height]3.2[diam]2.6
*[name]tree[x]71[z]236[height]3.1[diam]2.5
*[name]tree[x]112[z]236[height]2.9[diam]2.9
*[name]tree[x]179[z]236[height]3.2[diam]2.8
*[name]tree[x]180[z]236[height]2.3[diam]1.9
*[name]tree[x]70[z]237[height]2.0[diam]1.6
*[name]tree[x]180[z]237[height]2.6[diam]2.1
*[name]tree[x]181[z]237[height]2.2[diam]1.7
*[name]tree[x]69[z]238[height]2.3[diam]2.0
*[name]tree[x]70[z]238[height]2.0[diam]1.6
*[name]tree[x]149[z]238[height]2.2[diam]1.6
*[name]tree[x]150[z]238[height]2.2[diam]2.2
*[name]tree[x]151[z]238[height]2.9[diam]2.9
*[name]tree[x]152[z]238[height]1.8[diam]1.7
*[name]tree[x]153[z]238[height]1.9[diam]1.8
*[name]tree[x]154[z]238[height]2.2[diam]2.1
*[name]tree[x]155[z]238[height]1.9[diam]1.9
*[name]tree[x]156[z]238[height]2.2[diam]2.0
*[name]tree[x]157[z]238[height]3.4[diam]2.5
*[name]tree[x]181[z]238[height]2.2[diam]1.8
*[name]tree[x]182[z]238[height]2.4[diam]2.0
*[name]tree[x]68[z]239[height]2.7[diam]2.6
*[name]tree[x]69[z]239[height]2.9[diam]2.7
*[name]tree[x]147[z]239[height]1.8[diam]1.8
*[name]tree[x]148[z]239[height]2.3[diam]1.8
*[name]tree[x]149[z]239[height]2.4[diam]2.0
*[name]tree[x]182[z]239[height]2.2[diam]1.9
*[name]tree[x]183[z]239[height]2.7[diam]2.6
*[name]tree[x]67[z]240[height]2.7[diam]2.3
*[name]tree[x]68[z]240[height]3.0[diam]2.6
*[name]tree[x]145[z]240[height]2.1[diam]2.1
*[name]tree[x]146[z]240[height]2.7[diam]2.1
*[name]tree[x]147[z]240[height]3.3[diam]3.1
*[name]tree[x]183[z]240[height]3.4[diam]3.3
*[name]tree[x]184[z]240[height]3.1[diam]2.4
*[name]tree[x]66[z]241[height]1.9[diam]1.5
*[name]tree[x]67[z]241[height]2.8[diam]2.5
*[name]tree[x]143[z]241[height]3.4[diam]2.7
*[name]tree[x]144[z]241[height]2.5[diam]2.5
*[name]tree[x]184[z]241[height]2.1[diam]2.0
*[name]tree[x]185[z]241[height]1.9[diam]1.7
*[name]tree[x]142[z]242[height]2.2[diam]1.8
*[name]tree[x]143[z]242[height]2.0[diam]1.9
*[name]tree[x]185[z]242[height]2.2[diam]1.9
*[name]tree[x]114[z]243[height]2.3[diam]2.2
*[name]tree[x]115[z]243[height]2.2[diam]1.9
*[name]tree[x]116[z]243[height]3.1[diam]2.9
*[name]tree[x]140[z]243[height]3.1[diam]2.9
*[name]tree[x]141[z]243[height]2.6[diam]2.4
*[name]tree[x]142[z]243[height]2.7[diam]2.1
*[name]tree[x]186[z]243[height]3.5[diam]3.1
*[name]tree[x]116[z]244[height]2.4[diam]2.1
*[name]tree[x]117[z]244[height]2.2[diam]1.8
*[name]tree[x]118[z]244[height]3.2[diam]2.9
*[name]tree[x]119[z]244[height]2.3[diam]1.6
*[name]tree[x]120[z]244[height]2.5[diam]2.1
*[name]tree[x]138[z]244[height]2.8[diam]2.5
*[name]tree[x]139[z]244[height]3.0[diam]2.8
*[name]tree[x]140[z]244[height]2.6[diam]2.5
*[name]tree[x]186[z]244[height]2.4[diam]2.2
*[name]tree[x]120[z]245[height]3.2[diam]2.8
*[name]tree[x]121[z]245[height]2.3[diam]2.0
*[name]tree[x]122[z]245[height]2.4[diam]1.8
*[name]tree[x]123[z]245[height]2.2[diam]2.1
*[name]tree[x]124[z]245[height]3.2[diam]3.0
*[name]tree[x]135[z]245[height]1.9[diam]1.8
*[name]tree[x]136[z]245[height]2.4[diam]2.1
*[name]tree[x]137[z]245[height]2.4[diam]2.1
*[name]tree[x]138[z]245[height]3.2[diam]2.4
*[name]tree[x]186[z]245[height]2.3[diam]1.7
*[name]tree[x]187[z]245[height]2.1[diam]1.9
*[name]tree[x]124[z]246[height]2.6[diam]2.4
*[name]tree[x]125[z]246[height]2.5[diam]1.9
*[name]tree[x]126[z]246[height]2.5[diam]2.4
*[name]tree[x]127[z]246[height]1.9[diam]1.8
*[name]tree[x]128[z]246[height]2.9[diam]2.8
*[name]tree[x]129[z]246[height]2.4[diam]2.4
*[name]tree[x]130[z]246[height]2.7[diam]2.5
*[name]tree[x]131[z]246[height]1.8[diam]1.7
*[name]tree[x]132[z]246[height]2.8[diam]2.6
*[name]tree[x]133[z]246[height]2.7[diam]2.5
*[name]tree[x]134[z]246[height]2.8[diam]2.8
*[name]tree[x]135[z]246[height]2.0[diam]2.0
*[name]tree[x]187[z]246[height]2.7[diam]2.7
*[name]tree[x]87[z]249[height]1.9[diam]1.9
*[name]float[x]126[z]253[height]1.0[diam]1.0
*[name]tree[x]110[z]258[height]1.8[diam]1.4
*[name]tree[x]142[z]259[height]2.7[diam]2.3
*[name]tree[x]75[z]323[height]3.5[diam]3.4
*[name]tree[x]76[z]323[height]2.9[diam]2.4
*[name]tree[x]77[z]323[height]3.2[diam]2.9
*[name]tree[x]78[z]323[height]2.0[diam]1.7
*[name]tree[x]79[z]323[height]2.8[diam]2.5
*[name]tree[x]74[z]324[height]2.4[diam]1.8
*[name]tree[x]75[z]324[height]2.2[diam]1.8
*[name]tree[x]73[z]325[height]3.3[diam]3.2
*[name]tree[x]74[z]325[height]2.1[diam]1.7
*[name]tree[x]72[z]326[height]2.6[diam]2.4
*[name]tree[x]73[z]326[height]2.4[diam]2.1
*[name]tree[x]70[z]327[height]3.1[diam]3.0
*[name]tree[x]71[z]327[height]2.7[diam]2.6
*[name]tree[x]72[z]327[height]3.1[diam]2.7
*[name]float[x]127[z]331[height]1.0[diam]1.0
*[name]tree[x]80[z]365[height]1.9[diam]1.5
*[name]tree[x]175[z]366[height]3.5[diam]2.6
*[name]tree[x]175[z]367[height]2.2[diam]1.9
*[name]tree[x]58[z]368[height]2.6[diam]1.9
*[name]tree[x]185[z]374[height]2.3[diam]2.1
*[name]tree[x]186[z]374[height]2.5[diam]2.5
*[name]tree[x]49[z]377[height]2.0[diam]1.9
*[name]herring[x]126[z]378[height]1.0[diam]1.0
*[name]herring[x]123[z]381[height]1.0[diam]1.0
*[name]tree[x]30[z]383[height]1.9[diam]1.5
*[name]tree[x]202[z]385[height]2.0[diam]1.9
*[name]herring[x]131[z]387[height]1.0[diam]1.0
*[name]float[x]208[z]387[height]1.0[diam]1.0
*[name]herring[x]123[z]392[height]1.0[diam]1.0
*[name]tree[x]215[z]393[height]2.1[diam]1.7
*[name]tree[x]21[z]394[height]2.4[diam]2.2
*[name]tree[x]21[z]395[height]1.9[diam]1.8
*[name]tree[x]21[z]396[height]2.3[diam]2.2
*[name]herring[x]130[z]399[height]1.0[diam]1.0
*[name]herring[x]124[z]404[height]1.0[diam]1.0
*[name]tree[x]52[z]406[height]2.9[diam]2.8
*[name]tree[x]27[z]407[height]2.9[diam]2.4
*[name]tree[x]27[z]408[height]2.4[diam]2.2
*[name]tree[x]28[z]408[height]3.0[diam]2.4
*[name]tree[x]28[z]409[height]3.2[diam]3.1
*[name]tree[x]28[z]410[height]3.5[diam]2.7
*[name]tree[x]29[z]410[height]3.4[diam]2.7
*[name]tree[x]81[z]410[height]3.3[diam]2.7
*[name]herring[x]129[z]410[height]1.0[diam]1.0
*[name]herring[x]130[z]410[height]1.0[diam]1.0
*[name]tree[x]37[z]411[height]2.1[diam]1.5
*[name]tree[x]65[z]411[height]2.1[diam]1.6
*[name]herring[x]130[z]411[height]1.0[diam]1.0
*[name]herring[x]138[z]411[height]1.0[diam]1.0
*[name]tree[x]35[z]412[height]2.5[diam]2.0
*[name]tree[x]36[z]412[height]2.1[diam]1.9
*[name]tree[x]64[z]412[height]2.8[diam]2.4
*[name]tree[x]65[z]412[height]2.3[diam]2.1
*[name]tree[x]34[z]413[height]2.3[diam]2.1
*[name]tree[x]35[z]413[height]2.5[diam]2.5
*[name]tree[x]33[z]414[height]2.5[diam]1.8
*[name]tree[x]34[z]414[height]2.4[diam]2.3
*[name]tree[x]33[z]415[height]3.2[diam]2.3
*[name]tree[x]95[z]415[height]2.0[diam]1.8
*[name]tree[x]56[z]416[height]1.8[diam]1.3
*[name]tree[x]232[z]419[height]3.3[diam]3.2
*[name]tree[x]231[z]421[height]2.4[diam]2.2
*[name]tree[x]221[z]422[height]2.4[diam]2.1
*[name]herring[x]130[z]423[height]1.0[diam]1.0
*[name]tree[x]225[z]423[height]3.1[diam]2.7
*[name]tree[x]100[z]424[height]3.2[diam]2.5
*[name]tree[x]228[z]425[height]3.1[diam]2.3
*[name]herring[x]140[z]428[height]1.0[diam]1.0
*[name]herring[x]135[z]429[height]1.0[diam]1.0
*[name]tree[x]91[z]436[height]3.2[diam]2.6
*[name]herring[x]129[z]436[height]1.0[diam]1.0
*[name]herring[x]129[z]437[height]1.0[diam]1.0
*[name]tree[x]227[z]438[height]2.8[diam]2.1
*[name]tree[x]98[z]439[height]3.5[diam]3.4
*[name]tree[x]99[z]439[height]3.0[diam]2.5
*[name]herring[x]129[z]441[height]1.0[diam]1.0
*[name]herring[x]138[z]445[height]1.0[diam]1.0
*[name]tree[x]211[z]445[height]3.3[diam]2.5
*[name]tree[x]63[z]447[height]2.6[diam]2.1
*[name]tree[x]63[z]448[height]3.3[diam]2.6
*[name]tree[x]64[z]448[height]2.3[diam]1.7
*[name]tree[x]65[z]448[height]3.3[diam]2.7
*[name]tree[x]66[z]448[height]2.0[diam]1.8
*[name]tree[x]67[z]448[height]2.3[diam]1.9
*[name]tree[x]68[z]449[height]2.6[diam]2.3
*[name]tree[x]69[z]449[height]1.9[diam]1.5
*[name]tree[x]70[z]449[height]2.0[diam]2.0
*[name]tree[x]71[z]449[height]2.5[diam]2.4
*[name]herring[x]135[z]449[height]1.0[diam]1.0
*[name]tree[x]71[z]450[height]3.4[diam]2.6
*[name]tree[x]72[z]450[height]2.2[diam]1.9
*[name]tree[x]73[z]450[height]2.3[diam]1.8
*[name]tree[x]74[z]450[height]2.5[diam]2.5
*[name]tree[x]75[z]450[height]2.9[diam]2.3
*[name]tree[x]76[z]450[height]1.9[diam]1.4
*[name]tree[x]77[z]450[height]2.8[diam]2.7
*[name]tree[x]83[z]451[height]2.5[diam]2.4
*[name]tree[x]191[z]451[height]3.5[diam]2.8
*[name]tree[x]83[z]452[height]2.1[diam]1.6
*[name]tree[x]84[z]452[height]1.8[diam]1.6
*[name]tree[x]85[z]452[height]2.8[diam]2.4
*[name]tree[x]86[z]452[height]2.0[diam]1.8
*[name]float[x]71[z]453[height]1.0[diam]1.0
*[name]tree[x]86[z]453[height]3.1[diam]2.4
*[name]tree[x]87[z]453[height]2.8[diam]2.1
*[name]tree[x]88[z]453[height]2.1[diam]1.8
*[name]tree[x]88[z]454[height]2.4[diam]2.0
*[name]tree[x]89[z]454[height]1.9[diam]1.7
*[name]tree[x]90[z]454[height]3.0[diam]2.5
*[name]tree[x]90[z]455[height]2.9[diam]2.3
*[name]tree[x]91[z]455[height]3.2[diam]2.9
*[name]tree[x]92[z]455[height]2.6[diam]2.1
*[name]tree[x]92[z]456[height]3.0[diam]2.9
*[name]tree[x]93[z]456[height]2.2[diam]2.0
*[name]tree[x]33[z]458[height]2.0[diam]1.7
*[name]herring[x]129[z]458[height]1.0[diam]1.0
*[name]tree[x]33[z]459[height]3.2[diam]2.4
*[name]tree[x]177[z]461[height]3.4[diam]2.8
*[name]herring[x]132[z]467[height]1.0[diam]1.0
*[name]tree[x]33[z]469[height]3.0[diam]2.1
*[name]tree[x]184[z]469[height]1.9[diam]1.6
*[name]herring[x]138[z]472[height]1.0[diam]1.0
*[name]tree[x]44[z]480[height]2.3[diam]2.1
*[name]tree[x]59[z]480[height]2.8[diam]2.4
*[name]tree[x]195[z]480[height]2.1[diam]2.1
*[name]tree[x]100[z]481[height]3.4[diam]2.7
*[name]tree[x]100[z]482[height]2.8[diam]2.5
*[name]tree[x]99[z]483[height]3.1[diam]2.4
*[name]tree[x]98[z]484[height]3.4[diam]2.9
*[name]tree[x]99[z]484[height]3.4[diam]2.8
*[name]herring[x]133[z]484[height]1.0[diam]1.0
*[name]tree[x]98[z]485[height]3.4[diam]3.0
*[name]tree[x]97[z]486[height]2.2[diam]1.6
*[name]tree[x]98[z]486[height]2.3[diam]1.9
*[name]tree[x]159[z]487[height]2.8[diam]2.1
*[name]tree[x]190[z]490[height]2.7[diam]2.3
*[name]tree[x]189[z]491[height]2.7[diam]2.1
*[name]tree[x]187[z]492[height]2.7[diam]2.4
*[name]tree[x]188[z]492[height]2.9[diam]2.8
*[name]tree[x]189[z]492[height]2.3[diam]1.8
*[name]tree[x]225[z]492[height]2.3[diam]2.0
*[name]tree[x]186[z]493[height]2.1[diam]1.6
*[name]tree[x]187[z]493[height]3.1[diam]2.9
*[name]tree[x]183[z]494[height]3.2[diam]2.7
*[name]tree[x]184[z]494[height]3.5[diam]3.2
*[name]tree[x]185[z]494[height]1.9[diam]1.9
*[name]tree[x]180[z]495[height]1.9[diam]1.9
*[name]tree[x]181[z]495[height]2.8[diam]2.2
*[name]tree[x]182[z]495[height]2.0[diam]1.9
*[name]tree[x]183[z]495[height]2.9[diam]2.7
*[name]tree[x]148[z]496[height]3.5[diam]2.7
*[name]tree[x]149[z]496[height]2.2[diam]1.8
*[name]tree[x]150[z]496[height]2.5[diam]2.4
*[name]tree[x]151[z]496[height]1.9[diam]1.4
*[name]tree[x]152[z]496[height]2.9[diam]2.4
*[name]tree[x]153[z]496[height]2.3[diam]2.2
*[name]tree[x]154[z]496[height]3.4[diam]2.8
*[name]tree[x]155[z]496[height]2.0[diam]1.8
*[name]tree[x]156[z]496[height]2.2[diam]2.1
*[name]tree[x]177[z]496[height]2.1[diam]1.7
*[name]tree[x]178[z]496[height]2.9[diam]2.3
*[name]tree[x]179[z]496[height]2.0[diam]1.9
*[name]tree[x]180[z]496[height]2.2[diam]2.0
*[name]tree[x]143[z]497[height]1.8[diam]1.5
*[name]tree[x]144[z]497[height]2.8[diam]2.5
*[name]tree[x]145[z]497[height]1.9[diam]1.7
*[name]tree[x]146[z]497[height]3.4[diam]2.7
*[name]tree[x]147[z]497[height]1.8[diam]1.5
*[name]tree[x]148[z]497[height]1.9[diam]1.4
*[name]tree[x]102[z]498[height]2.5[diam]2.3
*[name]tree[x]103[z]498[height]2.6[diam]2.4
*[name]tree[x]104[z]498[height]2.9[diam]2.4
*[name]tree[x]104[z]499[height]2.0[diam]1.9
*[name]tree[x]105[z]499[height]1.9[diam]1.6
*[name]tree[x]106[z]499[height]3.0[diam]2.4
*[name]tree[x]107[z]499[height]2.7[diam]2.2
*[name]tree[x]108[z]499[height]2.8[diam]2.5
*[name]tree[x]109[z]499[height]1.9[diam]1.8
*[name]tree[x]110[z]499[height]2.5[diam]1.8
*[name]tree[x]111[z]499[height]2.1[diam]2.1
*[name]tree[x]112[z]499[height]3.1[diam]2.5
*[name]tree[x]82[z]510[height]2.6[diam]2.4
*[name]tree[x]155[z]510[height]2.8[diam]2.4
*[name]tree[x]132[z]512[height]1.8[diam]1.6
*[name]tree[x]133[z]512[height]2.8[diam]2.3
*[name]tree[x]134[z]512[height]2.4[diam]1.8
*[name]tree[x]120[z]513[height]1.9[diam]1.4
*[name]tree[x]121[z]513[height]2.6[diam]2.0
*[name]tree[x]122[z]513[height]3.1[diam]2.8
*[name]tree[x]123[z]513[height]2.8[diam]2.4
*[name]tree[x]124[z]513[height]3.3[diam]2.5
*[name]tree[x]125[z]513[height]3.2[diam]2.7
*[name]tree[x]126[z]513[height]3.2[diam]3.1
*[name]tree[x]127[z]513[height]2.3[diam]1.8
*[name]tree[x]128[z]513[height]3.5[diam]3.0
*[name]tree[x]129[z]513[height]2.0[diam]1.9
*[name]tree[x]130[z]513[height]3.2[diam]2.8
*[name]tree[x]131[z]513[height]2.6[diam]2.1
*[name]tree[x]132[z]513[height]2.0[diam]1.7
*[name]float[x]126[z]516[height]1.0[diam]1.0
*[name]tree[x]161[z]522[height]1.9[diam]1.7
*[name]tree[x]205[z]522[height]3.3[diam]2.8
*[name]tree[x]206[z]522[height]3.2[diam]3.1
*[name]tree[x]207[z]522[height]2.6[diam]2.1
*[name]tree[x]208[z]522[height]2.0[diam]1.6
*[name]tree[x]209[z]522[height]3.3[diam]3.1
*[name]tree[x]209[z]523[height]3.0[diam]2.8
*[name]tree[x]210[z]523[height]3.2[diam]2.8
*[name]tree[x]211[z]523[height]2.2[diam]1.9
*[name]tree[x]211[z]524[height]2.6[diam]2.2
*[name]tree[x]66[z]525[height]3.3[diam]2.7
*[name]tree[x]138[z]534[height]1.8[diam]1.3
*[name]tree[x]82[z]543[height]2.1[diam]2.0
*[name]tree[x]119[z]549[height]2.9[diam]2.6
*[name]tree[x]187[z]561[height]2.1[diam]2.0
*[name]tree[x]104[z]562[height]2.0[diam]1.6
*[name]tree[x]129[z]569[height]2.6[diam]2.6
*[name]tree[x]91[z]581[height]3.0[diam]2.4
*[name]tree[x]168[z]583[height]3.4[diam]2.6
*[name]tree[x]163[z]629[height]2.8[diam]2.1
*[name]tree[x]164[z]629[height]2.5[diam]2.1
*[name]tree[x]165[z]630[height]3.2[diam]2.4
*[name]tree[x]182[z]630[height]2.2[diam]2.0
*[name]tree[x]165[z]631[height]3.0[diam]2.5
*[name]tree[x]166[z]631[height]2.3[diam]1.7
*[name]tree[x]182[z]631[height]3.5[diam]2.6
*[name]tree[x]183[z]631[height]2.8[diam]2.0
*[name]herring[x]114[z]632[height]1.0[diam]1.0
*[name]tree[x]166[z]632[height]2.0[diam]1.9
*[name]tree[x]167[z]632[height]3.2[diam]3.0
*[name]tree[x]183[z]632[height]2.6[diam]1.8
*[name]herring[x]123[z]633[height]1.0[diam]1.0
*[name]tree[x]167[z]633[height]2.7[diam]2.4
*[name]tree[x]168[z]633[height]2.2[diam]2.2
*[name]tree[x]183[z]633[height]2.7[diam]2.7
*[name]tree[x]184[z]633[height]2.3[diam]1.9
*[name]tree[x]168[z]634[height]2.0[diam]2.0
*[name]tree[x]169[z]634[height]2.7[diam]2.4
*[name]tree[x]184[z]634[height]2.4[diam]2.0
*[name]tree[x]184[z]635[height]3.0[diam]2.7
*[name]tree[x]43[z]636[height]3.5[diam]2.9
*[name]tree[x]44[z]636[height]2.0[diam]1.5
*[name]tree[x]185[z]636[height]2.7[diam]2.0
*[name]tree[x]44[z]637[height]2.5[diam]1.8
*[name]tree[x]185[z]637[height]1.9[diam]1.7
*[name]tree[x]44[z]638[height]3.4[diam]3.3
*[name]tree[x]185[z]638[height]2.3[diam]1.9
*[name]tree[x]186[z]638[height]3.4[diam]3.2
*[name]tree[x]44[z]639[height]3.4[diam]2.6
*[name]tree[x]186[z]639[height]3.2[diam]2.7
*[name]tree[x]187[z]639[height]2.0[diam]1.5
*[name]tree[x]44[z]640[height]3.4[diam]2.7
*[name]tree[x]187[z]640[height]3.5[diam]3.0
*[name]tree[x]44[z]641[height]3.3[diam]2.7
*[name]tree[x]188[z]641[height]3.2[diam]2.8
*[name]tree[x]45[z]642[height]3.5[diam]3.3
*[name]tree[x]46[z]642[height]3.4[diam]2.5
*[name]tree[x]47[z]642[height]1.8[diam]1.5
*[name]tree[x]48[z]642[height]2.1[diam]1.7
*[name]tree[x]49[z]642[height]2.8[diam]2.2
*[name]tree[x]50[z]642[height]3.4[diam]2.9
*[name]tree[x]51[z]642[height]2.1[diam]1.6
*[name]tree[x]188[z]642[height]3.3[diam]2.5
*[name]tree[x]189[z]642[height]1.9[diam]1.8
*[name]herring[x]127[z]643[height]1.0[diam]1.0
*[name]tree[x]189[z]643[height]2.2[diam]2.1
*[name]herring[x]118[z]645[height]1.0[diam]1.0
*[name]herring[x]121[z]645[height]1.0[diam]1.0
*[name]tree[x]207[z]648[height]2.3[diam]1.9
*[name]herring[x]124[z]649[height]1.0[diam]1.0
*[name]tree[x]217[z]656[height]3.5[diam]2.7
*[name]herring[x]128[z]657[height]1.0[diam]1.0
*[name]herring[x]130[z]658[height]1.0[diam]1.0
*[name]herring[x]122[z]660[height]1.0[diam]1.0
*[name]tree[x]224[z]662[height]3.0[diam]2.9
*[name]tree[x]38[z]665[height]3.0[diam]2.6
*[name]tree[x]66[z]665[height]2.3[diam]2.0
*[name]tree[x]67[z]665[height]1.9[diam]1.5
*[name]tree[x]68[z]665[height]2.2[diam]1.6
*[name]tree[x]38[z]666[height]2.5[diam]2.0
*[name]tree[x]63[z]666[height]2.7[diam]2.4
*[name]tree[x]64[z]666[height]3.0[diam]2.2
*[name]tree[x]65[z]666[height]3.3[diam]2.9
*[name]tree[x]66[z]666[height]2.9[diam]2.1
*[name]tree[x]67[z]666[height]3.2[diam]2.8
*[name]tree[x]38[z]667[height]2.0[diam]1.9
*[name]tree[x]62[z]667[height]2.4[diam]2.0
*[name]tree[x]63[z]667[height]3.1[diam]2.8
*[name]tree[x]64[z]667[height]3.1[diam]2.8
*[name]herring[x]126[z]667[height]1.0[diam]1.0
*[name]tree[x]38[z]668[height]3.3[diam]2.8
*[name]tree[x]54[z]668[height]3.0[diam]2.7
*[name]tree[x]55[z]668[height]3.4[diam]2.5
*[name]tree[x]56[z]668[height]2.0[diam]1.4
*[name]tree[x]57[z]668[height]2.4[diam]1.9
*[name]tree[x]58[z]668[height]1.9[diam]1.7
*[name]tree[x]59[z]668[height]2.9[diam]2.6
*[name]tree[x]60[z]668[height]2.3[diam]1.9
*[name]tree[x]61[z]668[height]3.0[diam]2.3
*[name]tree[x]62[z]668[height]3.4[diam]2.8
*[name]tree[x]38[z]669[height]2.1[diam]2.0
*[name]tree[x]38[z]670[height]3.3[diam]2.6
*[name]tree[x]39[z]670[height]2.9[diam]2.3
*[name]tree[x]219[z]670[height]2.9[diam]2.4
*[name]tree[x]39[z]671[height]3.3[diam]2.7
*[name]herring[x]119[z]671[height]1.0[diam]1.0
*[name]tree[x]39[z]672[height]2.0[diam]1.9
*[name]tree[x]40[z]672[height]3.2[diam]3.1
*[name]herring[x]125[z]672[height]1.0[diam]1.0
*[name]tree[x]40[z]673[height]2.4[diam]2.2
*[name]tree[x]110[z]673[height]3.3[diam]2.8
*[name]tree[x]110[z]674[height]3.1[diam]2.4
*[name]tree[x]110[z]675[height]3.3[diam]3.1
*[name]tree[x]147[z]675[height]3.4[diam]2.9
*[name]tree[x]110[z]676[height]2.5[diam]2.0
*[name]tree[x]147[z]676[height]3.2[diam]2.4
*[name]tree[x]110[z]677[height]2.5[diam]2.4
*[name]tree[x]146[z]677[height]2.5[diam]2.3
*[name]tree[x]147[z]677[height]2.7[diam]2.2
*[name]tree[x]110[z]678[height]3.4[diam]2.6
*[name]tree[x]146[z]678[height]2.7[diam]2.4
*[name]tree[x]110[z]679[height]2.9[diam]2.4
*[name]tree[x]146[z]679[height]3.5[diam]3.3
*[name]tree[x]111[z]680[height]2.1[diam]2.0
*[name]tree[x]146[z]680[height]2.9[diam]2.5
*[name]tree[x]111[z]681[height]2.8[diam]2.4
*[name]herring[x]126[z]681[height]1.0[diam]1.0
*[name]tree[x]145[z]681[height]1.8[diam]1.5
*[name]tree[x]146[z]681[height]3.0[diam]2.9
*[name]tree[x]111[z]682[height]2.1[diam]1.9
*[name]tree[x]145[z]682[height]2.4[diam]2.1
*[name]tree[x]111[z]683[height]3.4[diam]2.6
*[name]tree[x]145[z]683[height]3.0[diam]2.4
*[name]tree[x]111[z]684[height]3.5[diam]2.6
*[name]tree[x]145[z]684[height]3.5[diam]3.0
*[name]tree[x]111[z]685[height]2.5[diam]2.4
*[name]tree[x]112[z]685[height]3.1[diam]3.0
*[name]tree[x]144[z]685[height]2.7[diam]2.2
*[name]tree[x]145[z]685[height]2.4[diam]2.0
*[name]tree[x]186[z]685[height]2.0[diam]1.8
*[name]tree[x]187[z]685[height]2.3[diam]2.2
*[name]tree[x]188[z]685[height]1.9[diam]1.8
*[name]tree[x]189[z]685[height]2.3[diam]1.7
*[name]tree[x]190[z]685[height]2.1[diam]2.1
*[name]tree[x]191[z]685[height]3.4[diam]2.8
*[name]tree[x]192[z]685[height]2.9[diam]2.3
*[name]tree[x]193[z]685[height]3.5[diam]3.0
*[name]tree[x]112[z]686[height]2.7[diam]2.4
*[name]tree[x]113[z]686[height]3.3[diam]2.9
*[name]tree[x]144[z]686[height]3.1[diam]3.0
*[name]tree[x]178[z]686[height]1.9[diam]1.4
*[name]tree[x]179[z]686[height]3.1[diam]2.9
*[name]tree[x]180[z]686[height]2.0[diam]1.6
*[name]tree[x]181[z]686[height]2.1[diam]1.8
*[name]tree[x]182[z]686[height]3.1[diam]2.5
*[name]tree[x]183[z]686[height]3.5[diam]2.6
*[name]tree[x]184[z]686[height]2.0[diam]1.4
*[name]tree[x]185[z]686[height]3.4[diam]2.8
*[name]tree[x]193[z]686[height]2.0[diam]1.5
*[name]tree[x]194[z]686[height]2.4[diam]1.8
*[name]tree[x]195[z]686[height]2.7[diam]2.0
*[name]tree[x]196[z]686[height]2.5[diam]2.1
*[name]tree[x]197[z]686[height]2.8[diam]2.7
*[name]tree[x]198[z]686[height]2.1[diam]1.7
*[name]tree[x]199[z]686[height]2.6[diam]2.5
*[name]tree[x]143[z]687[height]2.4[diam]2.0
*[name]tree[x]144[z]687[height]1.9[diam]1.4
*[name]tree[x]176[z]687[height]2.4[diam]1.8
*[name]tree[x]177[z]687[height]2.4[diam]2.1
*[name]tree[x]200[z]687[height]2.9[diam]2.2
*[name]tree[x]201[z]687[height]3.3[diam]2.9
*[name]herring[x]122[z]688[height]1.0[diam]1.0
*[name]tree[x]141[z]688[height]2.1[diam]2.1
*[name]tree[x]142[z]688[height]3.0[diam]2.3
*[name]tree[x]143[z]688[height]2.4[diam]2.3
*[name]tree[x]174[z]688[height]2.4[diam]2.2
*[name]tree[x]175[z]688[height]3.3[diam]3.2
*[name]tree[x]172[z]689[height]3.1[diam]2.5
*[name]tree[x]173[z]689[height]2.5[diam]2.0
*[name]tree[x]174[z]689[height]2.2[diam]1.9
*[name]tree[x]171[z]690[height]3.2[diam]2.9
*[name]tree[x]172[z]690[height]2.6[diam]2.0
*[name]tree[x]170[z]691[height]2.1[diam]1.9
*[name]tree[x]171[z]691[height]2.2[diam]1.9
*[name]tree[x]169[z]692[height]3.2[diam]2.8
*[name]tree[x]168[z]693[height]1.9[diam]1.6
*[name]tree[x]167[z]694[height]3.1[diam]3.0
*[name]tree[x]168[z]694[height]1.9[diam]1.9
*[name]tree[x]166[z]695[height]3.3[diam]3.1
*[name]tree[x]167[z]695[height]2.0[diam]1.5
*[name]tree[x]165[z]696[height]2.8[diam]2.4
*[name]tree[x]166[z]696[height]3.4[diam]2.9
*[name]tree[x]124[z]697[height]2.4[diam]2.2
*[name]tree[x]125[z]697[height]3.1[diam]2.9
*[name]tree[x]165[z]697[height]1.8[diam]1.8
*[name]tree[x]125[z]698[height]2.3[diam]2.2
*[name]tree[x]126[z]698[height]2.9[diam]2.8
*[name]tree[x]163[z]698[height]3.5[diam]3.4
*[name]tree[x]164[z]698[height]2.4[diam]1.9
*[name]tree[x]126[z]699[height]2.5[diam]1.9
*[name]tree[x]127[z]699[height]3.2[diam]2.7
*[name]tree[x]163[z]699[height]2.9[diam]2.5
*[name]tree[x]127[z]700[height]2.4[diam]2.2
*[name]tree[x]128[z]700[height]2.7[diam]2.1
*[name]tree[x]129[z]700[height]2.7[diam]2.4
*[name]tree[x]161[z]700[height]2.5[diam]1.9
*[name]tree[x]162[z]700[height]1.9[diam]1.5
*[name]tree[x]129[z]701[height]2.8[diam]2.3
*[name]tree[x]130[z]701[height]1.9[diam]1.5
*[name]tree[x]131[z]701[height]2.0[diam]1.5
*[name]tree[x]158[z]701[height]2.3[diam]1.9
*[name]tree[x]159[z]701[height]3.4[diam]3.3
*[name]tree[x]160[z]701[height]2.2[diam]2.2
*[name]tree[x]131[z]702[height]3.2[diam]2.9
*[name]tree[x]132[z]702[height]2.0[diam]1.6
*[name]tree[x]133[z]702[height]3.2[diam]3.2
*[name]tree[x]156[z]702[height]2.9[diam]2.5
*[name]tree[x]157[z]702[height]2.8[diam]2.0
*[name]tree[x]158[z]702[height]2.1[diam]1.5
*[name]tree[x]133[z]703[height]2.1[diam]1.9
*[name]tree[x]134[z]703[height]3.0[diam]2.7
*[name]tree[x]135[z]703[height]3.1[diam]2.9
*[name]tree[x]136[z]703[height]3.5[diam]2.8
*[name]tree[x]152[z]703[height]2.1[diam]1.5
*[name]tree[x]153[z]703[height]2.9[diam]2.4
*[name]tree[x]154[z]703[height]2.0[diam]1.9
*[name]tree[x]155[z]703[height]3.2[diam]2.3
*[name]tree[x]136[z]704[height]3.4[diam]2.5
*[name]tree[x]137[z]704[height]3.4[diam]3.2
*[name]tree[x]138[z]704[height]3.0[diam]2.2
*[name]tree[x]139[z]704[height]3.4[diam]2.9
*[name]tree[x]140[z]704[height]1.9[diam]1.7
*[name]tree[x]141[z]704[height]3.5[diam]3.1
*[name]tree[x]142[z]704[height]2.8[diam]2.1
*[name]tree[x]143[z]704[height]3.1[diam]2.9
*[name]tree[x]144[z]704[height]3.2[diam]2.7
*[name]tree[x]145[z]704[height]2.5[diam]2.2
*[name]tree[x]146[z]704[height]2.2[diam]1.8
*[name]tree[x]147[z]704[height]3.3[diam]2.8
*[name]tree[x]148[z]704[height]2.5[diam]2.2
*[name]tree[x]149[z]704[height]3.1[diam]2.7
*[name]tree[x]150[z]704[height]2.7[diam]2.4
*[name]tree[x]151[z]704[height]2.8[diam]2.3
*[name]tree[x]152[z]704[height]2.9[diam]2.5
*[name]tree[x]71[z]705[height]2.1[diam]1.7
*[name]tree[x]72[z]705[height]2.9[diam]2.1
*[name]tree[x]73[z]705[height]3.3[diam]3.0
*[name]tree[x]73[z]706[height]3.0[diam]2.8
*[name]tree[x]74[z]706[height]2.4[diam]1.9
*[name]tree[x]75[z]706[height]3.5[diam]2.6
*[name]tree[x]76[z]706[height]1.9[diam]1.8
*[name]tree[x]76[z]707[height]2.8[diam]2.4
*[name]tree[x]77[z]707[height]2.3[diam]2.2
*[name]tree[x]78[z]707[height]3.4[diam]2.6
*[name]tree[x]78[z]708[height]2.2[diam]1.8
*[name]tree[x]79[z]708[height]3.2[diam]3.1
*[name]tree[x]80[z]708[height]3.3[diam]2.7
*[name]tree[x]115[z]708[height]2.7[diam]2.3
*[name]tree[x]116[z]708[height]3.1[diam]2.4
*[name]tree[x]80[z]709[height]3.5[diam]3.5
*[name]tree[x]81[z]709[height]2.6[diam]2.3
*[name]tree[x]82[z]709[height]1.9[diam]1.5
*[name]tree[x]114[z]709[height]2.4[diam]2.2
*[name]tree[x]82[z]710[height]2.1[diam]1.9
*[name]tree[x]83[z]710[height]1.8[diam]1.4
*[name]tree[x]84[z]710[height]3.2[diam]2.4
*[name]tree[x]113[z]710[height]3.4[diam]2.8
*[name]tree[x]84[z]711[height]2.8[diam]2.2
*[name]tree[x]85[z]711[height]2.1[diam]1.8
*[name]tree[x]112[z]711[height]2.6[diam]2.2
*[name]tree[x]113[z]711[height]3.3[diam]2.6
*[name]tree[x]86[z]712[height]2.5[diam]2.3
*[name]tree[x]87[z]712[height]2.8[diam]2.7
*[name]tree[x]111[z]712[height]2.2[diam]1.8
*[name]tree[x]112[z]712[height]1.9[diam]1.5
*[name]tree[x]87[z]713[height]2.3[diam]2.0
*[name]tree[x]88[z]713[height]3.2[diam]2.6
*[name]tree[x]110[z]713[height]3.3[diam]2.6
*[name]tree[x]111[z]713[height]1.9[diam]1.4
*[name]tree[x]88[z]714[height]3.3[diam]2.4
*[name]tree[x]89[z]714[height]2.2[diam]2.0
*[name]tree[x]109[z]714[height]2.1[diam]1.5
*[name]tree[x]110[z]714[height]2.0[diam]1.9
*[name]tree[x]89[z]715[height]2.4[diam]2.0
*[name]tree[x]90[z]715[height]2.2[diam]2.1
*[name]tree[x]91[z]715[height]3.1[diam]2.3
*[name]tree[x]109[z]715[height]1.9[diam]1.5
*[name]tree[x]91[z]716[height]3.3[diam]2.9
*[name]tree[x]92[z]716[height]2.0[diam]1.5
*[name]tree[x]93[z]716[height]3.5[diam]2.7
*[name]tree[x]94[z]716[height]2.3[diam]1.8
*[name]tree[x]108[z]716[height]3.1[diam]2.3
*[name]tree[x]94[z]717[height]2.9[diam]2.6
*[name]tree[x]95[z]717[height]2.3[diam]2.1
*[name]tree[x]96[z]717[height]3.0[diam]2.3
*[name]tree[x]97[z]717[height]3.1[diam]3.1
*[name]tree[x]98[z]717[height]3.4[diam]3.3
*[name]tree[x]99[z]717[height]1.9[diam]1.4
*[name]tree[x]105[z]717[height]2.9[diam]2.5
*[name]tree[x]106[z]717[height]2.4[diam]2.4
*[name]tree[x]107[z]717[height]2.3[diam]1.7
*[name]tree[x]108[z]717[height]1.8[diam]1.5
*[name]tree[x]100[z]718[height]2.4[diam]2.3
*[name]tree[x]101[z]718[height]1.8[diam]1.5
*[name]tree[x]102[z]718[height]3.4[diam]3.4
*[name]tree[x]103[z]718[height]2.9[diam]2.3
*[name]tree[x]104[z]718[height]2.3[diam]1.9
*[name]tree[x]105[z]718[height]2.4[diam]2.4
*[name]herring[x]126[z]805[height]1.0[diam]1.0
*[name]herring[x]119[z]806[height]1.0[diam]1.0
*[name]herring[x]126[z]806[height]1.0[diam]1.0
*[name]herring[x]114[z]814[height]1.0[diam]1.0
*[name]herring[x]119[z]826[height]1.0[diam]1.0
*[name]herring[x]127[z]838[height]1.0[diam]1.0
*[name]herring[x]111[z]842[height]1.0[diam]1.0
*[name]herring[x]119[z]858[height]1.0[diam]1.0
*[name]herring[x]131[z]862[height]1.0[diam]1.0
*[name]herring[x]107[z]870[height]1.0[diam]1.0
*[name]herring[x]117[z]875[height]1.0[diam]1.0
*[name]herring[x]118[z]875[height]1.0[diam]1.0
*[name]herring[x]119[z]885[height]1.0[diam]1.0
*[name]herring[x]121[z]899[height]1.0[diam]1.0
*[name]herring[x]106[z]913[height]1.0[diam]1.0
*[name]herring[x]112[z]923[height]1.0[diam]1.0
*[name]herring[x]118[z]936[height]1.0[diam]1.0
*[name]herring[x]112[z]941[height]1.0[diam]1.0
*[name]herring[x]106[z]949[height]1.0[diam]1.0
*[name]herring[x]106[z]950[height]1.0[diam]1.0
*[name]herring[x]105[z]960[height]1.0[diam]1.0
*[name]herring[x]100[z]963[height]1.0[diam]1.0
*[name]herring[x]107[z]971[height]1.0[diam]1.0
*[name]herring[x]102[z]980[height]1.0[diam]1.0
*[name]start[x]117[z]989[height]6.0[diam]9.0
