*[name]finish[x]46[z]1[height]6.0[diam]9.0
*[name]tree_barren[x]41[z]3[height]3.0[diam]2.7
*[name]tree_barren[x]52[z]4[height]3.7[diam]2.8
*[name]tree_barren[x]61[z]12[height]3.9[diam]3.3
*[name]tree_barren[x]19[z]13[height]2.4[diam]1.8
*[name]tree_barren[x]28[z]14[height]3.7[diam]3.7
*[name]tree_barren[x]52[z]15[height]3.7[diam]2.8
*[name]tree_barren[x]39[z]23[height]2.2[diam]2.0
*[name]tree_barren[x]66[z]28[height]2.1[diam]2.0
*[name]tree_barren[x]20[z]36[height]2.4[diam]2.0
*[name]tree_barren[x]39[z]39[height]3.5[diam]3.2
*[name]herring[x]46[z]44[height]1.0[diam]1.0
*[name]tree_barren[x]53[z]45[height]3.4[diam]3.3
*[name]herring[x]46[z]47[height]1.0[diam]1.0
*[name]herring[x]46[z]50[height]1.0[diam]1.0
*[name]herring[x]46[z]53[height]1.0[diam]1.0
*[name]herring[x]46[z]57[height]1.0[diam]1.0
*[name]herring[x]46[z]60[height]1.0[diam]1.0
*[name]herring[x]46[z]63[height]1.0[diam]1.0
*[name]herring[x]46[z]67[height]1.0[diam]1.0
*[name]herring[x]46[z]71[height]1.0[diam]1.0
*[name]tree_barren[x]66[z]72[height]4.1[diam]3.6
*[name]herring[x]46[z]74[height]1.0[diam]1.0
*[name]tree_barren[x]25[z]76[height]2.6[diam]2.5
*[name]herring[x]46[z]77[height]1.0[diam]1.0
*[name]herring[x]46[z]82[height]1.0[diam]1.0
*[name]herring[x]46[z]86[height]1.0[diam]1.0
*[name]herring[x]46[z]94[height]1.0[diam]1.0
*[name]herring[x]46[z]103[height]1.0[diam]1.0
*[name]shrub[x]45[z]111[height]1.7[diam]1.2
*[name]herring[x]45[z]123[height]1.0[diam]1.0
*[name]tree_barren[x]61[z]126[height]3.6[diam]3.0
*[name]tree_barren[x]22[z]130[height]4.1[diam]3.1
*[name]herring[x]45[z]180[height]1.0[diam]1.0
*[name]shrub[x]40[z]199[height]0.9[diam]0.9
*[name]herring[x]24[z]266[height]1.0[diam]1.0
*[name]herring[x]21[z]284[height]1.0[diam]1.0
*[name]herring[x]28[z]304[height]1.0[diam]1.0
*[name]herring[x]50[z]319[height]1.0[diam]1.0
*[name]shrub[x]50[z]354[height]1.1[diam]1.1
*[name]herring[x]42[z]394[height]1.0[diam]1.0
*[name]herring[x]46[z]424[height]1.0[diam]1.0
*[name]shrub[x]44[z]451[height]1.0[diam]0.9
*[name]herring[x]35[z]515[height]1.0[diam]1.0
*[name]herring[x]27[z]556[height]1.0[diam]1.0
*[name]herring[x]31[z]597[height]1.0[diam]1.0
*[name]herring[x]55[z]675[height]1.0[diam]1.0
*[name]herring[x]55[z]682[height]1.0[diam]1.0
*[name]herring[x]54[z]690[height]1.0[diam]1.0
*[name]herring[x]52[z]695[height]1.0[diam]1.0
*[name]herring[x]43[z]738[height]1.0[diam]1.0
*[name]herring[x]29[z]781[height]1.0[diam]1.0
*[name]herring[x]39[z]908[height]1.0[diam]1.0
*[name]herring[x]40[z]925[height]1.0[diam]1.0
*[name]herring[x]39[z]934[height]1.0[diam]1.0
*[name]herring[x]40[z]934[height]1.0[diam]1.0
*[name]shrub[x]39[z]935[height]0.9[diam]0.9
*[name]herring[x]37[z]936[height]1.0[diam]1.0
*[name]herring[x]42[z]936[height]1.0[diam]1.0
*[name]herring[x]39[z]943[height]1.0[diam]1.0
*[name]herring[x]33[z]948[height]1.0[diam]1.0
*[name]herring[x]45[z]948[height]1.0[diam]1.0
*[name]herring[x]13[z]966[height]1.0[diam]1.0
*[name]herring[x]68[z]968[height]1.0[diam]1.0
*[name]herring[x]44[z]997[height]1.0[diam]1.0
*[name]herring[x]32[z]998[height]1.0[diam]1.0
*[name]herring[x]24[z]1021[height]1.0[diam]1.0
*[name]herring[x]55[z]1021[height]1.0[diam]1.0
*[name]herring[x]36[z]1049[height]1.0[diam]1.0
*[name]shrub[x]38[z]1049[height]1.2[diam]1.2
*[name]herring[x]40[z]1049[height]1.0[diam]1.0
*[name]shrub[x]36[z]1051[height]0.9[diam]0.8
*[name]herring[x]38[z]1051[height]1.0[diam]1.0
*[name]shrub[x]40[z]1051[height]1.2[diam]0.9
*[name]herring[x]36[z]1053[height]1.0[diam]1.0
*[name]shrub[x]38[z]1053[height]1.0[diam]0.9
*[name]herring[x]40[z]1053[height]1.0[diam]1.0
*[name]herring[x]58[z]1068[height]1.0[diam]1.0
*[name]herring[x]19[z]1070[height]1.0[diam]1.0
*[name]herring[x]31[z]1078[height]1.0[diam]1.0
*[name]herring[x]43[z]1079[height]1.0[diam]1.0
*[name]herring[x]26[z]1091[height]1.0[diam]1.0
*[name]herring[x]50[z]1091[height]1.0[diam]1.0
*[name]herring[x]39[z]1161[height]1.0[diam]1.0
*[name]shrub[x]44[z]1187[height]1.2[diam]1.2
*[name]herring[x]55[z]1236[height]1.0[diam]1.0
*[name]herring[x]57[z]1245[height]1.0[diam]1.0
*[name]herring[x]61[z]1276[height]1.0[diam]1.0
*[name]herring[x]15[z]1281[height]1.0[diam]1.0
*[name]herring[x]35[z]1284[height]1.0[diam]1.0
*[name]herring[x]24[z]1292[height]1.0[diam]1.0
*[name]herring[x]35[z]1303[height]1.0[diam]1.0
*[name]herring[x]52[z]1341[height]1.0[diam]1.0
*[name]herring[x]42[z]1363[height]1.0[diam]1.0
*[name]herring[x]22[z]1364[height]1.0[diam]1.0
*[name]herring[x]37[z]1413[height]1.0[diam]1.0
*[name]herring[x]63[z]1470[height]1.0[diam]1.0
*[name]herring[x]64[z]1478[height]1.0[diam]1.0
*[name]herring[x]63[z]1486[height]1.0[diam]1.0
*[name]herring[x]58[z]1494[height]1.0[diam]1.0
*[name]herring[x]40[z]1507[height]1.0[diam]1.0
*[name]herring[x]20[z]1538[height]1.0[diam]1.0
*[name]herring[x]21[z]1565[height]1.0[diam]1.0
*[name]herring[x]21[z]1569[height]1.0[diam]1.0
*[name]herring[x]23[z]1572[height]1.0[diam]1.0
*[name]herring[x]27[z]1576[height]1.0[diam]1.0
*[name]herring[x]32[z]1582[height]1.0[diam]1.0
*[name]herring[x]48[z]1613[height]1.0[diam]1.0
*[name]herring[x]55[z]1636[height]1.0[diam]1.0
*[name]herring[x]33[z]1649[height]1.0[diam]1.0
*[name]herring[x]55[z]1649[height]1.0[diam]1.0
*[name]herring[x]19[z]1667[height]1.0[diam]1.0
*[name]herring[x]54[z]1668[height]1.0[diam]1.0
*[name]herring[x]16[z]1688[height]1.0[diam]1.0
*[name]herring[x]45[z]1699[height]1.0[diam]1.0
*[name]herring[x]14[z]1706[height]1.0[diam]1.0
*[name]herring[x]16[z]1712[height]1.0[diam]1.0
*[name]herring[x]35[z]1715[height]1.0[diam]1.0
*[name]herring[x]40[z]1717[height]1.0[diam]1.0
*[name]herring[x]31[z]1720[height]1.0[diam]1.0
*[name]herring[x]37[z]1724[height]1.0[diam]1.0
*[name]herring[x]55[z]1727[height]1.0[diam]1.0
*[name]herring[x]23[z]1735[height]1.0[diam]1.0
*[name]herring[x]44[z]1743[height]1.0[diam]1.0
*[name]herring[x]67[z]1747[height]1.0[diam]1.0
*[name]herring[x]18[z]1754[height]1.0[diam]1.0
*[name]herring[x]15[z]1780[height]1.0[diam]1.0
*[name]herring[x]33[z]1798[height]1.0[diam]1.0
*[name]herring[x]62[z]1799[height]1.0[diam]1.0
*[name]herring[x]53[z]1805[height]1.0[diam]1.0
*[name]herring[x]33[z]1807[height]1.0[diam]1.0
*[name]herring[x]17[z]1808[height]1.0[diam]1.0
*[name]herring[x]50[z]1814[height]1.0[diam]1.0
*[name]herring[x]33[z]1815[height]1.0[diam]1.0
*[name]herring[x]50[z]1822[height]1.0[diam]1.0
*[name]herring[x]33[z]1824[height]1.0[diam]1.0
*[name]herring[x]23[z]1835[height]1.0[diam]1.0
*[name]herring[x]64[z]1857[height]1.0[diam]1.0
*[name]herring[x]30[z]1861[height]1.0[diam]1.0
*[name]herring[x]64[z]1864[height]1.0[diam]1.0
*[name]herring[x]31[z]1867[height]1.0[diam]1.0
*[name]herring[x]64[z]1870[height]1.0[diam]1.0
*[name]herring[x]34[z]1872[height]1.0[diam]1.0
*[name]herring[x]49[z]1879[height]1.0[diam]1.0
*[name]herring[x]49[z]1885[height]1.0[diam]1.0
*[name]herring[x]49[z]1890[height]1.0[diam]1.0
*[name]herring[x]35[z]1905[height]1.0[diam]1.0
*[name]herring[x]36[z]1921[height]1.0[diam]1.0
*[name]herring[x]49[z]1921[height]1.0[diam]1.0
*[name]herring[x]59[z]1921[height]1.0[diam]1.0
*[name]herring[x]35[z]1933[height]1.0[diam]1.0
*[name]herring[x]52[z]1940[height]1.0[diam]1.0
*[name]herring[x]51[z]1952[height]1.0[diam]1.0
*[name]herring[x]41[z]1959[height]1.0[diam]1.0
*[name]herring[x]52[z]1970[height]1.0[diam]1.0
*[name]herring[x]45[z]2011[height]1.0[diam]1.0
*[name]herring[x]37[z]2029[height]1.0[diam]1.0
*[name]herring[x]35[z]2086[height]1.0[diam]1.0
*[name]herring[x]41[z]2095[height]1.0[diam]1.0
*[name]herring[x]44[z]2105[height]1.0[diam]1.0
*[name]herring[x]59[z]2172[height]1.0[diam]1.0
*[name]herring[x]59[z]2182[height]1.0[diam]1.0
*[name]herring[x]54[z]2204[height]1.0[diam]1.0
*[name]herring[x]43[z]2215[height]1.0[diam]1.0
*[name]herring[x]35[z]2222[height]1.0[diam]1.0
*[name]herring[x]28[z]2232[height]1.0[diam]1.0
*[name]herring[x]38[z]2238[height]1.0[diam]1.0
*[name]herring[x]25[z]2246[height]1.0[diam]1.0
*[name]herring[x]38[z]2252[height]1.0[diam]1.0
*[name]herring[x]42[z]2261[height]1.0[diam]1.0
*[name]herring[x]22[z]2268[height]1.0[diam]1.0
*[name]herring[x]47[z]2268[height]1.0[diam]1.0
*[name]herring[x]54[z]2273[height]1.0[diam]1.0
*[name]herring[x]61[z]2280[height]1.0[diam]1.0
*[name]herring[x]32[z]2285[height]1.0[diam]1.0
*[name]herring[x]69[z]2286[height]1.0[diam]1.0
*[name]herring[x]48[z]2298[height]1.0[diam]1.0
*[name]herring[x]70[z]2300[height]1.0[diam]1.0
*[name]herring[x]69[z]2311[height]1.0[diam]1.0
*[name]herring[x]54[z]2312[height]1.0[diam]1.0
*[name]herring[x]68[z]2322[height]1.0[diam]1.0
*[name]herring[x]54[z]2330[height]1.0[diam]1.0
*[name]herring[x]64[z]2332[height]1.0[diam]1.0
*[name]herring[x]59[z]2337[height]1.0[diam]1.0
*[name]herring[x]50[z]2348[height]1.0[diam]1.0
*[name]herring[x]43[z]2355[height]1.0[diam]1.0
*[name]herring[x]37[z]2368[height]1.0[diam]1.0
*[name]herring[x]48[z]2374[height]1.0[diam]1.0
*[name]herring[x]32[z]2376[height]1.0[diam]1.0
*[name]herring[x]60[z]2382[height]1.0[diam]1.0
*[name]herring[x]25[z]2388[height]1.0[diam]1.0
*[name]herring[x]70[z]2391[height]1.0[diam]1.0
*[name]herring[x]68[z]2405[height]1.0[diam]1.0
*[name]herring[x]28[z]2408[height]1.0[diam]1.0
*[name]herring[x]46[z]2468[height]1.0[diam]1.0
*[name]herring[x]23[z]2486[height]1.0[diam]1.0
*[name]herring[x]23[z]2549[height]1.0[diam]1.0
*[name]herring[x]45[z]2549[height]1.0[diam]1.0
*[name]herring[x]22[z]2556[height]1.0[diam]1.0
*[name]herring[x]43[z]2561[height]1.0[diam]1.0
*[name]herring[x]29[z]2570[height]1.0[diam]1.0
*[name]herring[x]40[z]2576[height]1.0[diam]1.0
*[name]herring[x]46[z]2580[height]1.0[diam]1.0
*[name]herring[x]36[z]2592[height]1.0[diam]1.0
*[name]herring[x]60[z]2600[height]1.0[diam]1.0
*[name]herring[x]34[z]2603[height]1.0[diam]1.0
*[name]herring[x]33[z]2611[height]1.0[diam]1.0
*[name]herring[x]31[z]2626[height]1.0[diam]1.0
*[name]herring[x]57[z]2628[height]1.0[diam]1.0
*[name]herring[x]30[z]2637[height]1.0[diam]1.0
*[name]herring[x]53[z]2643[height]1.0[diam]1.0
*[name]herring[x]31[z]2647[height]1.0[diam]1.0
*[name]herring[x]44[z]2659[height]1.0[diam]1.0
*[name]herring[x]33[z]2661[height]1.0[diam]1.0
*[name]herring[x]42[z]2663[height]1.0[diam]1.0
*[name]herring[x]41[z]2666[height]1.0[diam]1.0
*[name]herring[x]34[z]2674[height]1.0[diam]1.0
*[name]herring[x]34[z]2688[height]1.0[diam]1.0
*[name]herring[x]52[z]2724[height]1.0[diam]1.0
*[name]herring[x]43[z]2768[height]1.0[diam]1.0
*[name]herring[x]33[z]2796[height]1.0[diam]1.0
*[name]herring[x]49[z]2844[height]1.0[diam]1.0
*[name]herring[x]52[z]2854[height]1.0[diam]1.0
*[name]herring[x]53[z]2861[height]1.0[diam]1.0
*[name]herring[x]60[z]2875[height]1.0[diam]1.0
*[name]herring[x]46[z]2878[height]1.0[diam]1.0
*[name]herring[x]61[z]2882[height]1.0[diam]1.0
*[name]herring[x]45[z]2884[height]1.0[diam]1.0
*[name]herring[x]62[z]2889[height]1.0[diam]1.0
*[name]herring[x]43[z]2891[height]1.0[diam]1.0
*[name]herring[x]32[z]2900[height]1.0[diam]1.0
*[name]herring[x]63[z]2903[height]1.0[diam]1.0
*[name]herring[x]23[z]2908[height]1.0[diam]1.0
*[name]herring[x]63[z]2909[height]1.0[diam]1.0
*[name]herring[x]20[z]2912[height]1.0[diam]1.0
*[name]herring[x]63[z]2914[height]1.0[diam]1.0
*[name]herring[x]17[z]2920[height]1.0[diam]1.0
*[name]herring[x]63[z]2925[height]1.0[diam]1.0
*[name]herring[x]62[z]2930[height]1.0[diam]1.0
*[name]herring[x]20[z]2933[height]1.0[diam]1.0
*[name]herring[x]61[z]2936[height]1.0[diam]1.0
*[name]herring[x]29[z]2942[height]1.0[diam]1.0
*[name]herring[x]32[z]2944[height]1.0[diam]1.0
*[name]herring[x]60[z]2944[height]1.0[diam]1.0
*[name]herring[x]34[z]2946[height]1.0[diam]1.0
*[name]herring[x]60[z]2949[height]1.0[diam]1.0
*[name]herring[x]43[z]2957[height]1.0[diam]1.0
*[name]herring[x]58[z]2962[height]1.0[diam]1.0
*[name]herring[x]56[z]2973[height]1.0[diam]1.0
*[name]herring[x]52[z]2979[height]1.0[diam]1.0
*[name]herring[x]44[z]2986[height]1.0[diam]1.0
*[name]herring[x]36[z]2995[height]1.0[diam]1.0
*[name]herring[x]21[z]3040[height]1.0[diam]1.0
*[name]herring[x]21[z]3048[height]1.0[diam]1.0
*[name]herring[x]21[z]3055[height]1.0[diam]1.0
*[name]herring[x]21[z]3061[height]1.0[diam]1.0
*[name]herring[x]22[z]3068[height]1.0[diam]1.0
*[name]herring[x]53[z]3147[height]1.0[diam]1.0
*[name]herring[x]52[z]3157[height]1.0[diam]1.0
*[name]herring[x]52[z]3167[height]1.0[diam]1.0
*[name]herring[x]38[z]3263[height]1.0[diam]1.0
*[name]herring[x]37[z]3311[height]1.0[diam]1.0
*[name]herring[x]38[z]3317[height]1.0[diam]1.0
*[name]herring[x]37[z]3327[height]1.0[diam]1.0
*[name]herring[x]39[z]3386[height]1.0[diam]1.0
*[name]herring[x]39[z]3395[height]1.0[diam]1.0
*[name]herring[x]39[z]3405[height]1.0[diam]1.0
*[name]herring[x]48[z]3429[height]1.0[diam]1.0
*[name]herring[x]29[z]3434[height]1.0[diam]1.0
*[name]herring[x]26[z]3442[height]1.0[diam]1.0
*[name]herring[x]53[z]3448[height]1.0[diam]1.0
*[name]herring[x]22[z]3452[height]1.0[diam]1.0
*[name]herring[x]21[z]3458[height]1.0[diam]1.0
*[name]herring[x]53[z]3470[height]1.0[diam]1.0
*[name]herring[x]52[z]3489[height]1.0[diam]1.0
*[name]herring[x]52[z]3529[height]1.0[diam]1.0
*[name]herring[x]27[z]3536[height]1.0[diam]1.0
*[name]herring[x]52[z]3539[height]1.0[diam]1.0
*[name]herring[x]34[z]3541[height]1.0[diam]1.0
*[name]herring[x]45[z]3555[height]1.0[diam]1.0
*[name]herring[x]40[z]3567[height]1.0[diam]1.0
*[name]herring[x]58[z]3573[height]1.0[diam]1.0
*[name]herring[x]30[z]3584[height]1.0[diam]1.0
*[name]herring[x]62[z]3601[height]1.0[diam]1.0
*[name]herring[x]51[z]3603[height]1.0[diam]1.0
*[name]herring[x]22[z]3606[height]1.0[diam]1.0
*[name]herring[x]62[z]3606[height]1.0[diam]1.0
*[name]herring[x]41[z]3619[height]1.0[diam]1.0
*[name]herring[x]21[z]3620[height]1.0[diam]1.0
*[name]herring[x]18[z]3632[height]1.0[diam]1.0
*[name]herring[x]61[z]3633[height]1.0[diam]1.0
*[name]herring[x]34[z]3637[height]1.0[diam]1.0
*[name]herring[x]61[z]3637[height]1.0[diam]1.0
*[name]herring[x]18[z]3654[height]1.0[diam]1.0
*[name]herring[x]25[z]3656[height]1.0[diam]1.0
*[name]herring[x]57[z]3656[height]1.0[diam]1.0
*[name]herring[x]54[z]3677[height]1.0[diam]1.0
*[name]herring[x]22[z]3679[height]1.0[diam]1.0
*[name]herring[x]47[z]3692[height]1.0[diam]1.0
*[name]herring[x]38[z]3701[height]1.0[diam]1.0
*[name]herring[x]33[z]3709[height]1.0[diam]1.0
*[name]herring[x]47[z]3713[height]1.0[diam]1.0
*[name]herring[x]27[z]3717[height]1.0[diam]1.0
*[name]herring[x]57[z]3723[height]1.0[diam]1.0
*[name]herring[x]22[z]3727[height]1.0[diam]1.0
*[name]herring[x]51[z]3733[height]1.0[diam]1.0
*[name]herring[x]51[z]3737[height]1.0[diam]1.0
*[name]herring[x]65[z]3739[height]1.0[diam]1.0
*[name]herring[x]51[z]3740[height]1.0[diam]1.0
*[name]herring[x]51[z]3742[height]1.0[diam]1.0
*[name]herring[x]51[z]3745[height]1.0[diam]1.0
*[name]herring[x]19[z]3746[height]1.0[diam]1.0
*[name]herring[x]71[z]3754[height]1.0[diam]1.0
*[name]herring[x]49[z]3756[height]1.0[diam]1.0
*[name]herring[x]19[z]3759[height]1.0[diam]1.0
*[name]herring[x]47[z]3763[height]1.0[diam]1.0
*[name]herring[x]19[z]3768[height]1.0[diam]1.0
*[name]herring[x]46[z]3773[height]1.0[diam]1.0
*[name]herring[x]71[z]3773[height]1.0[diam]1.0
*[name]herring[x]45[z]3777[height]1.0[diam]1.0
*[name]herring[x]45[z]3783[height]1.0[diam]1.0
*[name]herring[x]22[z]3787[height]1.0[diam]1.0
*[name]herring[x]44[z]3791[height]1.0[diam]1.0
*[name]herring[x]70[z]3792[height]1.0[diam]1.0
*[name]herring[x]28[z]3796[height]1.0[diam]1.0
*[name]herring[x]44[z]3798[height]1.0[diam]1.0
*[name]herring[x]31[z]3799[height]1.0[diam]1.0
*[name]herring[x]20[z]3803[height]1.0[diam]1.0
*[name]herring[x]35[z]3804[height]1.0[diam]1.0
*[name]herring[x]70[z]3809[height]1.0[diam]1.0
*[name]herring[x]44[z]3813[height]1.0[diam]1.0
*[name]herring[x]21[z]3819[height]1.0[diam]1.0
*[name]herring[x]44[z]3823[height]1.0[diam]1.0
*[name]herring[x]67[z]3827[height]1.0[diam]1.0
*[name]herring[x]20[z]3833[height]1.0[diam]1.0
*[name]herring[x]49[z]3836[height]1.0[diam]1.0
*[name]herring[x]20[z]3843[height]1.0[diam]1.0
*[name]herring[x]62[z]3847[height]1.0[diam]1.0
*[name]herring[x]53[z]3849[height]1.0[diam]1.0
*[name]herring[x]33[z]3851[height]1.0[diam]1.0
*[name]herring[x]32[z]3857[height]1.0[diam]1.0
*[name]herring[x]61[z]3857[height]1.0[diam]1.0
*[name]herring[x]20[z]3858[height]1.0[diam]1.0
*[name]herring[x]32[z]3862[height]1.0[diam]1.0
*[name]herring[x]31[z]3867[height]1.0[diam]1.0
*[name]herring[x]22[z]3872[height]1.0[diam]1.0
*[name]herring[x]53[z]3883[height]1.0[diam]1.0
*[name]herring[x]29[z]3896[height]1.0[diam]1.0
*[name]herring[x]30[z]3905[height]1.0[diam]1.0
*[name]herring[x]49[z]3906[height]1.0[diam]1.0
*[name]herring[x]35[z]3915[height]1.0[diam]1.0
*[name]herring[x]43[z]3930[height]1.0[diam]1.0
*[name]herring[x]54[z]3988[height]1.0[diam]1.0
*[name]herring[x]28[z]4054[height]1.0[diam]1.0
*[name]herring[x]16[z]4133[height]1.0[diam]1.0
*[name]herring[x]44[z]4216[height]1.0[diam]1.0
*[name]herring[x]35[z]4224[height]1.0[diam]1.0
*[name]herring[x]28[z]4239[height]1.0[diam]1.0
*[name]herring[x]26[z]4251[height]1.0[diam]1.0
*[name]herring[x]38[z]4313[height]1.0[diam]1.0
*[name]herring[x]43[z]4322[height]1.0[diam]1.0
*[name]herring[x]32[z]4471[height]1.0[diam]1.0
*[name]herring[x]29[z]4484[height]1.0[diam]1.0
*[name]herring[x]28[z]4496[height]1.0[diam]1.0
*[name]herring[x]29[z]4504[height]1.0[diam]1.0
*[name]herring[x]33[z]4512[height]1.0[diam]1.0
*[name]herring[x]48[z]4651[height]1.0[diam]1.0
*[name]herring[x]51[z]4659[height]1.0[diam]1.0
*[name]herring[x]52[z]4666[height]1.0[diam]1.0
*[name]herring[x]52[z]4673[height]1.0[diam]1.0
*[name]herring[x]51[z]4682[height]1.0[diam]1.0
*[name]herring[x]49[z]4691[height]1.0[diam]1.0
*[name]herring[x]62[z]4828[height]1.0[diam]1.0
*[name]herring[x]64[z]4838[height]1.0[diam]1.0
*[name]herring[x]64[z]4846[height]1.0[diam]1.0
*[name]herring[x]42[z]4923[height]1.0[diam]1.0
*[name]herring[x]40[z]4931[height]1.0[diam]1.0
*[name]herring[x]39[z]4938[height]1.0[diam]1.0
*[name]shrub[x]19[z]4947[height]1.0[diam]0.8
*[name]shrub[x]64[z]4949[height]1.5[diam]1.1
*[name]shrub[x]27[z]4970[height]1.4[diam]1.3
*[name]shrub[x]50[z]4971[height]0.9[diam]0.8
*[name]shrub[x]18[z]4973[height]0.9[diam]0.8
*[name]shrub[x]30[z]4978[height]0.9[diam]0.6
*[name]shrub[x]47[z]4980[height]1.6[diam]1.2
*[name]shrub[x]43[z]4984[height]1.4[diam]1.1
*[name]shrub[x]26[z]4985[height]0.9[diam]0.9
*[name]shrub[x]32[z]4988[height]1.4[diam]1.0
*[name]shrub[x]48[z]4989[height]1.6[diam]1.2
*[name]start[x]38[z]4992[height]6.0[diam]9.0
