*[name]flag[x]20[z]1[height]1.0[diam]1.0
*[name]finish[x]23[z]1[height]6.0[diam]9.0
*[name]flag[x]27[z]1[height]1.0[diam]1.0
*[name]flag[x]17[z]3[height]1.0[diam]1.0
*[name]flag[x]14[z]4[height]1.0[diam]1.0
*[name]flag[x]8[z]5[height]1.0[diam]1.0
*[name]flag[x]11[z]6[height]1.0[diam]1.0
*[name]flag[x]7[z]7[height]1.0[diam]1.0
*[name]flag[x]29[z]7[height]1.0[diam]1.0
*[name]tree[x]3[z]8[height]3.4[diam]3.3
*[name]herring[x]23[z]10[height]1.0[diam]1.0
*[name]tree[x]1[z]11[height]1.8[diam]1.8
*[name]flag[x]5[z]12[height]1.0[diam]1.0
*[name]tree[x]3[z]13[height]3.3[diam]3.2
*[name]herring[x]23[z]14[height]1.0[diam]1.0
*[name]tree[x]1[z]15[height]2.0[diam]1.8
*[name]flag[x]5[z]16[height]1.0[diam]1.0
*[name]tree[x]6[z]16[height]3.0[diam]2.5
*[name]flag[x]21[z]17[height]1.0[diam]1.0
*[name]flag[x]30[z]18[height]1.0[diam]1.0
*[name]flag[x]18[z]20[height]1.0[diam]1.0
*[name]herring[x]8[z]23[height]1.0[diam]1.0
*[name]flag[x]4[z]25[height]1.0[diam]1.0
*[name]herring[x]8[z]26[height]1.0[diam]1.0
*[name]flag[x]15[z]26[height]1.0[diam]1.0
*[name]herring[x]8[z]29[height]1.0[diam]1.0
*[name]flag[x]13[z]31[height]1.0[diam]1.0
*[name]flag[x]5[z]33[height]1.0[diam]1.0
*[name]herring[x]26[z]33[height]1.0[diam]1.0
*[name]flag[x]30[z]35[height]1.0[diam]1.0
*[name]tree[x]39[z]36[height]2.2[diam]1.7
*[name]herring[x]26[z]37[height]1.0[diam]1.0
*[name]tree[x]35[z]38[height]1.8[diam]1.6
*[name]flag[x]8[z]41[height]1.0[diam]1.0
*[name]tree[x]39[z]41[height]2.9[diam]2.8
*[name]flag[x]29[z]43[height]1.0[diam]1.0
*[name]tree[x]36[z]44[height]2.8[diam]2.3
*[name]tree[x]33[z]46[height]3.0[diam]2.6
*[name]tree[x]38[z]46[height]2.0[diam]1.5
*[name]herring[x]18[z]50[height]1.0[diam]1.0
*[name]flag[x]13[z]51[height]1.0[diam]1.0
*[name]tree[x]38[z]51[height]3.1[diam]2.6
*[name]flag[x]28[z]52[height]1.0[diam]1.0
*[name]tree[x]36[z]52[height]2.0[diam]1.5
*[name]herring[x]18[z]55[height]1.0[diam]1.0
*[name]tree[x]38[z]56[height]3.5[diam]2.8
*[name]herring[x]18[z]58[height]1.0[diam]1.0
*[name]flag[x]14[z]62[height]1.0[diam]1.0
*[name]herring[x]18[z]62[height]1.0[diam]1.0
*[name]flag[x]25[z]65[height]1.0[diam]1.0
*[name]flag[x]23[z]72[height]1.0[diam]1.0
*[name]flag[x]15[z]74[height]1.0[diam]1.0
*[name]flag[x]23[z]79[height]1.0[diam]1.0
*[name]float[x]18[z]80[height]1.0[diam]1.0
*[name]flag[x]13[z]85[height]1.0[diam]1.0
*[name]herring[x]19[z]87[height]1.0[diam]1.0
*[name]flag[x]26[z]89[height]1.0[diam]1.0
*[name]herring[x]24[z]91[height]1.0[diam]1.0
*[name]flag[x]17[z]93[height]1.0[diam]1.0
*[name]flag[x]17[z]94[height]1.0[diam]1.0
*[name]flag[x]35[z]96[height]1.0[diam]1.0
*[name]flag[x]25[z]98[height]1.0[diam]1.0
*[name]herring[x]29[z]98[height]1.0[diam]1.0
*[name]herring[x]26[z]102[height]1.0[diam]1.0
*[name]flag[x]18[z]107[height]1.0[diam]1.0
*[name]herring[x]20[z]108[height]1.0[diam]1.0
*[name]flag[x]27[z]110[height]1.0[diam]1.0
*[name]herring[x]31[z]110[height]1.0[diam]1.0
*[name]herring[x]17[z]113[height]1.0[diam]1.0
*[name]flag[x]35[z]113[height]1.0[diam]1.0
*[name]flag[x]22[z]115[height]1.0[diam]1.0
*[name]flag[x]13[z]116[height]1.0[diam]1.0
*[name]herring[x]17[z]118[height]1.0[diam]1.0
*[name]herring[x]31[z]121[height]1.0[diam]1.0
*[name]flag[x]28[z]123[height]1.0[diam]1.0
*[name]herring[x]20[z]125[height]1.0[diam]1.0
*[name]flag[x]18[z]126[height]1.0[diam]1.0
*[name]herring[x]28[z]129[height]1.0[diam]1.0
*[name]flag[x]36[z]131[height]1.0[diam]1.0
*[name]flag[x]25[z]133[height]1.0[diam]1.0
*[name]flag[x]25[z]141[height]1.0[diam]1.0
*[name]flag[x]36[z]141[height]1.0[diam]1.0
*[name]herring[x]34[z]144[height]1.0[diam]1.0
*[name]flag[x]18[z]148[height]1.0[diam]1.0
*[name]flag[x]31[z]148[height]1.0[diam]1.0
*[name]herring[x]37[z]150[height]1.0[diam]1.0
*[name]flag[x]13[z]153[height]1.0[diam]1.0
*[name]flag[x]31[z]155[height]1.0[diam]1.0
*[name]herring[x]37[z]157[height]1.0[diam]1.0
*[name]flag[x]13[z]163[height]1.0[diam]1.0
*[name]float[x]17[z]164[height]1.0[diam]1.0
*[name]flag[x]31[z]167[height]1.0[diam]1.0
*[name]herring[x]37[z]169[height]1.0[diam]1.0
*[name]flag[x]11[z]174[height]1.0[diam]1.0
*[name]herring[x]37[z]174[height]1.0[diam]1.0
*[name]flag[x]33[z]175[height]1.0[diam]1.0
*[name]herring[x]37[z]177[height]1.0[diam]1.0
*[name]flag[x]29[z]179[height]1.0[diam]1.0
*[name]herring[x]38[z]181[height]1.0[diam]1.0
*[name]flag[x]12[z]184[height]1.0[diam]1.0
*[name]herring[x]16[z]184[height]1.0[diam]1.0
*[name]herring[x]38[z]188[height]1.0[diam]1.0
*[name]herring[x]17[z]189[height]1.0[diam]1.0
*[name]flag[x]31[z]189[height]1.0[diam]1.0
*[name]tree[x]2[z]191[height]3.5[diam]2.9
*[name]flag[x]12[z]193[height]1.0[diam]1.0
*[name]herring[x]37[z]195[height]1.0[diam]1.0
*[name]tree[x]6[z]196[height]2.0[diam]2.0
*[name]herring[x]17[z]196[height]1.0[diam]1.0
*[name]tree[x]2[z]197[height]2.2[diam]1.7
*[name]flag[x]31[z]198[height]1.0[diam]1.0
*[name]herring[x]17[z]200[height]1.0[diam]1.0
*[name]herring[x]38[z]204[height]1.0[diam]1.0
*[name]tree[x]4[z]205[height]3.3[diam]2.5
*[name]tree[x]9[z]206[height]1.9[diam]1.9
*[name]herring[x]16[z]206[height]1.0[diam]1.0
*[name]flag[x]31[z]207[height]1.0[diam]1.0
*[name]tree[x]2[z]208[height]3.2[diam]3.0
*[name]herring[x]38[z]210[height]1.0[diam]1.0
*[name]flag[x]12[z]211[height]1.0[diam]1.0
*[name]tree[x]6[z]213[height]2.5[diam]1.8
*[name]herring[x]17[z]214[height]1.0[diam]1.0
*[name]tree[x]3[z]219[height]3.4[diam]2.8
*[name]flag[x]8[z]220[height]1.0[diam]1.0
*[name]flag[x]39[z]223[height]1.0[diam]1.0
*[name]flag[x]5[z]230[height]1.0[diam]1.0
*[name]flag[x]39[z]232[height]1.0[diam]1.0
*[name]flag[x]25[z]236[height]1.0[diam]1.0
*[name]herring[x]7[z]241[height]1.0[diam]1.0
*[name]flag[x]37[z]241[height]1.0[diam]1.0
*[name]flag[x]4[z]242[height]1.0[diam]1.0
*[name]float[x]9[z]242[height]1.0[diam]1.0
*[name]flag[x]25[z]247[height]1.0[diam]1.0
*[name]flag[x]14[z]248[height]1.0[diam]1.0
*[name]tree[x]21[z]249[height]2.8[diam]2.4
*[name]herring[x]29[z]249[height]1.0[diam]1.0
*[name]flag[x]35[z]249[height]1.0[diam]1.0
*[name]herring[x]7[z]250[height]1.0[diam]1.0
*[name]tree[x]21[z]250[height]2.2[diam]1.7
*[name]flag[x]4[z]251[height]1.0[diam]1.0
*[name]tree[x]15[z]251[height]3.5[diam]3.4
*[name]tree[x]24[z]251[height]3.0[diam]2.3
*[name]tree[x]37[z]251[height]1.8[diam]1.6
*[name]tree[x]2[z]252[height]2.8[diam]2.2
*[name]tree[x]20[z]252[height]2.7[diam]2.4
*[name]tree[x]2[z]253[height]2.6[diam]2.2
*[name]flag[x]18[z]256[height]1.0[diam]1.0
*[name]tree[x]24[z]256[height]3.4[diam]3.0
*[name]tree[x]38[z]256[height]2.5[diam]2.0
*[name]herring[x]30[z]257[height]1.0[diam]1.0
*[name]flag[x]25[z]258[height]1.0[diam]1.0
*[name]herring[x]11[z]259[height]1.0[diam]1.0
*[name]flag[x]35[z]259[height]1.0[diam]1.0
*[name]tree[x]3[z]261[height]3.1[diam]2.5
*[name]tree[x]37[z]261[height]2.3[diam]2.2
*[name]flag[x]5[z]262[height]1.0[diam]1.0
*[name]flag[x]25[z]263[height]1.0[diam]1.0
*[name]herring[x]28[z]267[height]1.0[diam]1.0
*[name]flag[x]35[z]268[height]1.0[diam]1.0
*[name]tree[x]5[z]269[height]2.3[diam]1.7
*[name]tree[x]2[z]270[height]2.9[diam]2.6
*[name]flag[x]8[z]270[height]1.0[diam]1.0
*[name]herring[x]17[z]271[height]1.0[diam]1.0
*[name]flag[x]27[z]275[height]1.0[diam]1.0
*[name]herring[x]31[z]275[height]1.0[diam]1.0
*[name]flag[x]5[z]276[height]1.0[diam]1.0
*[name]tree[x]2[z]277[height]2.1[diam]1.9
*[name]herring[x]9[z]278[height]1.0[diam]1.0
*[name]flag[x]35[z]279[height]1.0[diam]1.0
*[name]tree[x]37[z]279[height]1.9[diam]1.8
*[name]flag[x]13[z]285[height]1.0[diam]1.0
*[name]flag[x]25[z]285[height]1.0[diam]1.0
*[name]herring[x]31[z]285[height]1.0[diam]1.0
*[name]tree[x]2[z]286[height]1.9[diam]1.6
*[name]flag[x]4[z]287[height]1.0[diam]1.0
*[name]herring[x]18[z]287[height]1.0[diam]1.0
*[name]flag[x]35[z]290[height]1.0[diam]1.0
*[name]herring[x]11[z]293[height]1.0[diam]1.0
*[name]tree[x]37[z]293[height]3.4[diam]2.5
*[name]herring[x]30[z]294[height]1.0[diam]1.0
*[name]flag[x]5[z]296[height]1.0[diam]1.0
*[name]flag[x]23[z]297[height]1.0[diam]1.0
*[name]flag[x]17[z]298[height]1.0[diam]1.0
*[name]flag[x]32[z]298[height]1.0[diam]1.0
*[name]herring[x]27[z]299[height]1.0[diam]1.0
*[name]flag[x]2[z]300[height]1.0[diam]1.0
*[name]tree[x]35[z]300[height]2.2[diam]2.0
*[name]tree[x]3[z]301[height]2.2[diam]1.7
*[name]herring[x]7[z]301[height]1.0[diam]1.0
*[name]flag[x]31[z]303[height]1.0[diam]1.0
*[name]flag[x]23[z]304[height]1.0[diam]1.0
*[name]flag[x]18[z]306[height]1.0[diam]1.0
*[name]herring[x]4[z]308[height]1.0[diam]1.0
*[name]herring[x]13[z]308[height]1.0[diam]1.0
*[name]herring[x]25[z]308[height]1.0[diam]1.0
*[name]flag[x]8[z]309[height]1.0[diam]1.0
*[name]flag[x]1[z]310[height]1.0[diam]1.0
*[name]tree[x]3[z]310[height]2.1[diam]2.0
*[name]tree[x]33[z]310[height]2.6[diam]2.3
*[name]tree[x]38[z]310[height]2.5[diam]2.4
*[name]flag[x]20[z]313[height]1.0[diam]1.0
*[name]flag[x]29[z]313[height]1.0[diam]1.0
*[name]tree[x]7[z]314[height]2.1[diam]1.7
*[name]herring[x]4[z]315[height]1.0[diam]1.0
*[name]flag[x]13[z]316[height]1.0[diam]1.0
*[name]tree[x]8[z]317[height]2.7[diam]2.4
*[name]tree[x]10[z]317[height]2.6[diam]2.1
*[name]tree[x]11[z]317[height]3.4[diam]3.3
*[name]herring[x]17[z]317[height]1.0[diam]1.0
*[name]tree[x]26[z]317[height]2.0[diam]1.6
*[name]tree[x]28[z]318[height]3.4[diam]3.2
*[name]tree[x]2[z]319[height]3.3[diam]2.5
*[name]tree[x]7[z]319[height]2.3[diam]2.3
*[name]tree[x]30[z]319[height]3.4[diam]2.8
*[name]tree[x]33[z]319[height]2.3[diam]2.3
*[name]flag[x]26[z]320[height]1.0[diam]1.0
*[name]tree[x]37[z]320[height]2.6[diam]2.3
*[name]herring[x]3[z]321[height]1.0[diam]1.0
*[name]tree[x]34[z]321[height]2.7[diam]2.5
*[name]tree[x]36[z]321[height]3.3[diam]3.0
*[name]tree[x]38[z]321[height]2.6[diam]2.1
*[name]flag[x]1[z]324[height]1.0[diam]1.0
*[name]tree[x]6[z]325[height]2.5[diam]2.4
*[name]flag[x]10[z]325[height]1.0[diam]1.0
*[name]flag[x]27[z]326[height]1.0[diam]1.0
*[name]herring[x]4[z]328[height]1.0[diam]1.0
*[name]herring[x]20[z]328[height]1.0[diam]1.0
*[name]flag[x]8[z]329[height]1.0[diam]1.0
*[name]tree[x]32[z]330[height]2.2[diam]1.9
*[name]tree[x]36[z]330[height]2.1[diam]2.0
*[name]flag[x]1[z]331[height]1.0[diam]1.0
*[name]flag[x]15[z]332[height]1.0[diam]1.0
*[name]tree[x]2[z]333[height]2.2[diam]2.0
*[name]tree[x]9[z]333[height]1.9[diam]1.5
*[name]tree[x]12[z]333[height]2.7[diam]2.1
*[name]tree[x]13[z]333[height]2.5[diam]2.2
*[name]tree[x]15[z]333[height]3.5[diam]2.8
*[name]flag[x]27[z]333[height]1.0[diam]1.0
*[name]tree[x]9[z]334[height]2.9[diam]2.3
*[name]tree[x]11[z]334[height]2.3[diam]2.1
*[name]herring[x]4[z]335[height]1.0[diam]1.0
*[name]herring[x]20[z]335[height]1.0[diam]1.0
*[name]tree[x]34[z]337[height]2.9[diam]2.6
*[name]tree[x]5[z]338[height]2.6[diam]1.9
*[name]flag[x]13[z]338[height]1.0[diam]1.0
*[name]flag[x]24[z]338[height]1.0[diam]1.0
*[name]flag[x]8[z]339[height]1.0[diam]1.0
*[name]flag[x]1[z]340[height]1.0[diam]1.0
*[name]herring[x]4[z]342[height]1.0[diam]1.0
*[name]tree[x]21[z]343[height]2.1[diam]1.5
*[name]tree[x]24[z]343[height]3.1[diam]2.3
*[name]herring[x]14[z]344[height]1.0[diam]1.0
*[name]tree[x]27[z]344[height]3.0[diam]2.4
*[name]flag[x]21[z]345[height]1.0[diam]1.0
*[name]tree[x]23[z]345[height]2.4[diam]1.8
*[name]tree[x]3[z]346[height]2.1[diam]1.8
*[name]tree[x]35[z]346[height]3.0[diam]2.5
*[name]flag[x]9[z]347[height]1.0[diam]1.0
*[name]tree[x]26[z]348[height]2.4[diam]2.4
*[name]flag[x]1[z]351[height]1.0[diam]1.0
*[name]herring[x]5[z]351[height]1.0[diam]1.0
*[name]tree[x]31[z]351[height]1.9[diam]1.5
*[name]tree[x]6[z]352[height]2.1[diam]1.8
*[name]flag[x]8[z]352[height]1.0[diam]1.0
*[name]herring[x]16[z]352[height]1.0[diam]1.0
*[name]flag[x]24[z]352[height]1.0[diam]1.0
*[name]flag[x]13[z]354[height]1.0[diam]1.0
*[name]tree[x]3[z]357[height]2.9[diam]2.6
*[name]herring[x]5[z]357[height]1.0[diam]1.0
*[name]flag[x]27[z]358[height]1.0[diam]1.0
*[name]flag[x]2[z]360[height]1.0[diam]1.0
*[name]tree[x]15[z]360[height]1.8[diam]1.6
*[name]flag[x]17[z]360[height]1.0[diam]1.0
*[name]tree[x]29[z]360[height]3.4[diam]3.1
*[name]flag[x]8[z]361[height]1.0[diam]1.0
*[name]herring[x]20[z]361[height]1.0[diam]1.0
*[name]tree[x]35[z]362[height]3.3[diam]2.6
*[name]tree[x]11[z]363[height]2.2[diam]2.0
*[name]tree[x]13[z]363[height]3.4[diam]3.1
*[name]tree[x]31[z]363[height]2.9[diam]2.2
*[name]tree[x]37[z]363[height]3.1[diam]2.6
*[name]tree[x]38[z]363[height]2.1[diam]1.8
*[name]tree[x]7[z]364[height]3.0[diam]2.6
*[name]tree[x]9[z]364[height]2.8[diam]2.7
*[name]tree[x]37[z]364[height]2.0[diam]1.6
*[name]flag[x]11[z]366[height]1.0[diam]1.0
*[name]flag[x]29[z]366[height]1.0[diam]1.0
*[name]flag[x]2[z]369[height]1.0[diam]1.0
*[name]float[x]20[z]373[height]1.0[diam]1.0
*[name]flag[x]5[z]377[height]1.0[diam]1.0
*[name]tree[x]3[z]379[height]2.1[diam]1.8
*[name]flag[x]30[z]379[height]1.0[diam]1.0
*[name]flag[x]5[z]382[height]1.0[diam]1.0
*[name]tree[x]37[z]383[height]2.2[diam]1.8
*[name]tree[x]3[z]387[height]3.4[diam]2.8
*[name]tree[x]36[z]389[height]3.2[diam]2.8
*[name]herring[x]22[z]390[height]1.0[diam]1.0
*[name]flag[x]32[z]391[height]1.0[diam]1.0
*[name]tree[x]2[z]392[height]1.9[diam]1.8
*[name]flag[x]8[z]392[height]1.0[diam]1.0
*[name]herring[x]10[z]393[height]1.0[diam]1.0
*[name]tree[x]38[z]395[height]2.0[diam]1.5
*[name]tree[x]3[z]397[height]2.7[diam]2.0
*[name]tree[x]35[z]397[height]2.3[diam]2.2
*[name]herring[x]31[z]400[height]1.0[diam]1.0
*[name]tree[x]2[z]401[height]2.8[diam]2.2
*[name]flag[x]9[z]402[height]1.0[diam]1.0
*[name]flag[x]10[z]402[height]1.0[diam]1.0
*[name]flag[x]33[z]402[height]1.0[diam]1.0
*[name]tree[x]38[z]402[height]2.7[diam]2.1
*[name]herring[x]16[z]403[height]1.0[diam]1.0
*[name]tree[x]6[z]406[height]2.4[diam]1.9
*[name]tree[x]36[z]407[height]2.9[diam]2.5
*[name]tree[x]2[z]409[height]3.2[diam]2.5
*[name]herring[x]26[z]409[height]1.0[diam]1.0
*[name]flag[x]13[z]412[height]1.0[diam]1.0
*[name]flag[x]30[z]415[height]1.0[diam]1.0
*[name]herring[x]18[z]418[height]1.0[diam]1.0
*[name]herring[x]18[z]421[height]1.0[diam]1.0
*[name]flag[x]13[z]424[height]1.0[diam]1.0
*[name]herring[x]18[z]424[height]1.0[diam]1.0
*[name]flag[x]28[z]426[height]1.0[diam]1.0
*[name]flag[x]14[z]432[height]1.0[diam]1.0
*[name]flag[x]27[z]438[height]1.0[diam]1.0
*[name]flag[x]16[z]441[height]1.0[diam]1.0
*[name]flag[x]25[z]448[height]1.0[diam]1.0
*[name]flag[x]16[z]450[height]1.0[diam]1.0
*[name]float[x]21[z]451[height]1.0[diam]1.0
*[name]flag[x]16[z]455[height]1.0[diam]1.0
*[name]herring[x]18[z]455[height]1.0[diam]1.0
*[name]flag[x]22[z]456[height]1.0[diam]1.0
*[name]flag[x]13[z]460[height]1.0[diam]1.0
*[name]herring[x]17[z]460[height]1.0[diam]1.0
*[name]herring[x]15[z]465[height]1.0[diam]1.0
*[name]flag[x]16[z]466[height]1.0[diam]1.0
*[name]flag[x]12[z]468[height]1.0[diam]1.0
*[name]herring[x]15[z]470[height]1.0[diam]1.0
*[name]herring[x]17[z]473[height]1.0[diam]1.0
*[name]flag[x]16[z]474[height]1.0[diam]1.0
*[name]herring[x]19[z]475[height]1.0[diam]1.0
*[name]flag[x]23[z]475[height]1.0[diam]1.0
*[name]flag[x]18[z]480[height]1.0[diam]1.0
*[name]herring[x]21[z]480[height]1.0[diam]1.0
*[name]herring[x]21[z]485[height]1.0[diam]1.0
*[name]flag[x]23[z]485[height]1.0[diam]1.0
*[name]herring[x]21[z]489[height]1.0[diam]1.0
*[name]flag[x]23[z]489[height]1.0[diam]1.0
*[name]flag[x]18[z]490[height]1.0[diam]1.0
*[name]herring[x]21[z]494[height]1.0[diam]1.0
*[name]flag[x]16[z]495[height]1.0[diam]1.0
*[name]flag[x]24[z]495[height]1.0[diam]1.0
*[name]herring[x]20[z]499[height]1.0[diam]1.0
*[name]flag[x]13[z]500[height]1.0[diam]1.0
*[name]flag[x]27[z]500[height]1.0[diam]1.0
*[name]flag[x]1[z]503[height]1.0[diam]1.0
*[name]flag[x]32[z]505[height]1.0[diam]1.0
*[name]flag[x]1[z]507[height]1.0[diam]1.0
*[name]flag[x]32[z]510[height]1.0[diam]1.0
*[name]flag[x]2[z]518[height]1.0[diam]1.0
*[name]flag[x]32[z]518[height]1.0[diam]1.0
*[name]herring[x]6[z]519[height]1.0[diam]1.0
*[name]herring[x]22[z]520[height]1.0[diam]1.0
*[name]flag[x]31[z]525[height]1.0[diam]1.0
*[name]flag[x]2[z]526[height]1.0[diam]1.0
*[name]tree[x]11[z]526[height]1.9[diam]1.6
*[name]herring[x]23[z]526[height]1.0[diam]1.0
*[name]herring[x]5[z]527[height]1.0[diam]1.0
*[name]tree[x]13[z]528[height]2.1[diam]1.6
*[name]tree[x]14[z]528[height]2.9[diam]2.4
*[name]tree[x]11[z]529[height]3.0[diam]2.9
*[name]flag[x]31[z]531[height]1.0[diam]1.0
*[name]tree[x]12[z]533[height]2.8[diam]2.5
*[name]tree[x]16[z]533[height]2.4[diam]2.0
*[name]tree[x]11[z]536[height]2.0[diam]1.7
*[name]herring[x]24[z]536[height]1.0[diam]1.0
*[name]flag[x]2[z]537[height]1.0[diam]1.0
*[name]herring[x]6[z]537[height]1.0[diam]1.0
*[name]tree[x]12[z]538[height]2.3[diam]1.8
*[name]tree[x]16[z]538[height]2.6[diam]2.5
*[name]flag[x]30[z]539[height]1.0[diam]1.0
*[name]float[x]24[z]543[height]1.0[diam]1.0
*[name]herring[x]10[z]544[height]1.0[diam]1.0
*[name]flag[x]5[z]545[height]1.0[diam]1.0
*[name]herring[x]14[z]548[height]1.0[diam]1.0
*[name]flag[x]31[z]548[height]1.0[diam]1.0
*[name]flag[x]10[z]550[height]1.0[diam]1.0
*[name]herring[x]17[z]551[height]1.0[diam]1.0
*[name]flag[x]15[z]553[height]1.0[diam]1.0
*[name]flag[x]29[z]554[height]1.0[diam]1.0
*[name]flag[x]18[z]559[height]1.0[diam]1.0
*[name]tree[x]28[z]560[height]2.4[diam]2.2
*[name]flag[x]29[z]560[height]1.0[diam]1.0
*[name]herring[x]25[z]562[height]1.0[diam]1.0
*[name]tree[x]28[z]564[height]2.8[diam]2.8
*[name]flag[x]20[z]566[height]1.0[diam]1.0
*[name]tree[x]21[z]567[height]3.5[diam]2.6
*[name]flag[x]28[z]567[height]1.0[diam]1.0
*[name]herring[x]25[z]568[height]1.0[diam]1.0
*[name]tree[x]27[z]569[height]2.0[diam]1.7
*[name]tree[x]21[z]570[height]2.6[diam]2.4
*[name]flag[x]19[z]573[height]1.0[diam]1.0
*[name]tree[x]21[z]573[height]3.3[diam]2.5
*[name]tree[x]27[z]573[height]2.0[diam]1.9
*[name]herring[x]25[z]574[height]1.0[diam]1.0
*[name]flag[x]28[z]574[height]1.0[diam]1.0
*[name]tree[x]21[z]576[height]2.8[diam]2.2
*[name]herring[x]25[z]579[height]1.0[diam]1.0
*[name]flag[x]19[z]580[height]1.0[diam]1.0
*[name]tree[x]20[z]580[height]2.0[diam]1.6
*[name]tree[x]28[z]581[height]2.9[diam]2.8
*[name]herring[x]25[z]582[height]1.0[diam]1.0
*[name]flag[x]28[z]582[height]1.0[diam]1.0
*[name]tree[x]20[z]583[height]2.1[diam]1.7
*[name]flag[x]19[z]585[height]1.0[diam]1.0
*[name]tree[x]27[z]585[height]2.5[diam]2.2
*[name]tree[x]21[z]586[height]3.0[diam]2.6
*[name]float[x]25[z]586[height]1.0[diam]1.0
*[name]flag[x]29[z]586[height]1.0[diam]1.0
*[name]tree[x]28[z]587[height]1.8[diam]1.8
*[name]float[x]25[z]595[height]1.0[diam]1.0
*[name]start[x]25[z]596[height]6.0[diam]9.0
