*[name]finish[x]46[z]3[height]6.0[diam]9.0
*[name]flag[x]42[z]6[height]1.0[diam]1.0
*[name]flag[x]51[z]7[height]1.0[diam]1.0
*[name]tree[x]61[z]7[height]3.3[diam]2.5
*[name]herring[x]47[z]14[height]1.0[diam]1.0
*[name]tree_barren[x]3[z]16[height]2.1[diam]1.7
*[name]flag[x]54[z]16[height]1.0[diam]1.0
*[name]tree_barren[x]3[z]17[height]4.0[diam]3.0
*[name]flag[x]42[z]17[height]1.0[diam]1.0
*[name]tree[x]36[z]19[height]2.8[diam]2.2
*[name]tree_barren[x]2[z]20[height]4.2[diam]4.1
*[name]tree_barren[x]2[z]21[height]2.2[diam]1.8
*[name]tree_barren[x]3[z]21[height]3.9[diam]3.7
*[name]herring[x]47[z]22[height]1.0[diam]1.0
*[name]tree[x]56[z]24[height]2.6[diam]2.3
*[name]tree_barren[x]59[z]24[height]4.1[diam]3.2
*[name]flag[x]39[z]25[height]1.0[diam]1.0
*[name]flag[x]51[z]26[height]1.0[diam]1.0
*[name]tree_barren[x]57[z]27[height]3.2[diam]2.7
*[name]tree[x]70[z]29[height]2.4[diam]2.2
*[name]tree[x]2[z]34[height]2.8[diam]2.1
*[name]tree[x]2[z]35[height]2.4[diam]1.8
*[name]herring[x]45[z]36[height]1.0[diam]1.0
*[name]flag[x]48[z]36[height]1.0[diam]1.0
*[name]flag[x]37[z]38[height]1.0[diam]1.0
*[name]tree[x]53[z]44[height]2.8[diam]2.7
*[name]tree[x]69[z]44[height]3.5[diam]3.1
*[name]herring[x]42[z]45[height]1.0[diam]1.0
*[name]flag[x]46[z]48[height]1.0[diam]1.0
*[name]flag[x]34[z]50[height]1.0[diam]1.0
*[name]tree[x]78[z]51[height]3.3[diam]3.2
*[name]tree[x]4[z]52[height]3.1[diam]2.9
*[name]herring[x]40[z]52[height]1.0[diam]1.0
*[name]tree[x]73[z]55[height]2.0[diam]1.8
*[name]tree[x]73[z]56[height]3.5[diam]3.2
*[name]tree[x]2[z]60[height]3.1[diam]3.1
*[name]tree[x]3[z]60[height]3.1[diam]2.9
*[name]flag[x]31[z]60[height]1.0[diam]1.0
*[name]flag[x]45[z]61[height]1.0[diam]1.0
*[name]float[x]36[z]66[height]1.0[diam]1.0
*[name]tree[x]7[z]67[height]2.1[diam]1.9
*[name]tree[x]49[z]68[height]2.9[diam]2.7
*[name]flag[x]53[z]69[height]1.0[diam]1.0
*[name]flag[x]26[z]71[height]1.0[diam]1.0
*[name]tree[x]49[z]72[height]2.1[diam]1.8
*[name]tree[x]49[z]76[height]3.4[diam]3.1
*[name]flag[x]55[z]77[height]1.0[diam]1.0
*[name]flag[x]20[z]80[height]1.0[diam]1.0
*[name]tree[x]48[z]80[height]1.8[diam]1.5
*[name]tree[x]45[z]83[height]2.5[diam]2.2
*[name]flag[x]58[z]89[height]1.0[diam]1.0
*[name]flag[x]20[z]90[height]1.0[diam]1.0
*[name]tree[x]16[z]94[height]2.5[diam]2.3
*[name]tree[x]72[z]98[height]3.0[diam]2.2
*[name]flag[x]21[z]99[height]1.0[diam]1.0
*[name]flag[x]57[z]100[height]1.0[diam]1.0
*[name]tree[x]10[z]104[height]3.0[diam]2.7
*[name]tree[x]62[z]107[height]2.8[diam]2.4
*[name]flag[x]35[z]109[height]1.0[diam]1.0
*[name]flag[x]18[z]110[height]1.0[diam]1.0
*[name]tree[x]5[z]114[height]2.8[diam]2.2
*[name]flag[x]38[z]118[height]1.0[diam]1.0
*[name]tree[x]41[z]118[height]2.5[diam]2.3
*[name]tree[x]45[z]118[height]3.4[diam]2.8
*[name]herring[x]50[z]118[height]1.0[diam]1.0
*[name]tree[x]57[z]118[height]2.6[diam]2.4
*[name]tree[x]59[z]118[height]2.3[diam]1.8
*[name]flag[x]60[z]118[height]1.0[diam]1.0
*[name]tree[x]33[z]121[height]2.7[diam]2.4
*[name]tree[x]3[z]125[height]3.2[diam]2.5
*[name]flag[x]33[z]125[height]1.0[diam]1.0
*[name]flag[x]18[z]126[height]1.0[diam]1.0
*[name]flag[x]19[z]135[height]1.0[diam]1.0
*[name]flag[x]44[z]141[height]1.0[diam]1.0
*[name]herring[x]49[z]141[height]1.0[diam]1.0
*[name]flag[x]55[z]141[height]1.0[diam]1.0
*[name]flag[x]16[z]144[height]1.0[diam]1.0
*[name]herring[x]49[z]145[height]1.0[diam]1.0
*[name]flag[x]44[z]148[height]1.0[diam]1.0
*[name]herring[x]22[z]151[height]1.0[diam]1.0
*[name]herring[x]49[z]151[height]1.0[diam]1.0
*[name]flag[x]57[z]152[height]1.0[diam]1.0
*[name]flag[x]15[z]154[height]1.0[diam]1.0
*[name]herring[x]21[z]159[height]1.0[diam]1.0
*[name]flag[x]43[z]160[height]1.0[diam]1.0
*[name]flag[x]57[z]160[height]1.0[diam]1.0
*[name]tree_barren[x]71[z]160[height]2.6[diam]2.6
*[name]flag[x]13[z]164[height]1.0[diam]1.0
*[name]herring[x]19[z]164[height]1.0[diam]1.0
*[name]flag[x]25[z]167[height]1.0[diam]1.0
*[name]herring[x]19[z]168[height]1.0[diam]1.0
*[name]flag[x]43[z]171[height]1.0[diam]1.0
*[name]flag[x]59[z]171[height]1.0[diam]1.0
*[name]herring[x]18[z]174[height]1.0[diam]1.0
*[name]tree[x]6[z]175[height]3.2[diam]2.4
*[name]flag[x]10[z]175[height]1.0[diam]1.0
*[name]flag[x]23[z]178[height]1.0[diam]1.0
*[name]tree[x]25[z]179[height]3.0[diam]2.8
*[name]float[x]17[z]180[height]1.0[diam]1.0
*[name]flag[x]59[z]180[height]1.0[diam]1.0
*[name]flag[x]41[z]181[height]1.0[diam]1.0
*[name]herring[x]15[z]183[height]1.0[diam]1.0
*[name]flag[x]8[z]186[height]1.0[diam]1.0
*[name]flag[x]22[z]189[height]1.0[diam]1.0
*[name]flag[x]59[z]189[height]1.0[diam]1.0
*[name]herring[x]13[z]190[height]1.0[diam]1.0
*[name]flag[x]40[z]193[height]1.0[diam]1.0
*[name]flag[x]5[z]195[height]1.0[diam]1.0
*[name]herring[x]12[z]196[height]1.0[diam]1.0
*[name]flag[x]21[z]198[height]1.0[diam]1.0
*[name]flag[x]59[z]200[height]1.0[diam]1.0
*[name]tree_barren[x]68[z]200[height]3.0[diam]2.2
*[name]tree_barren[x]70[z]200[height]3.1[diam]2.9
*[name]tree_barren[x]73[z]200[height]4.0[diam]3.0
*[name]tree_barren[x]75[z]200[height]3.9[diam]3.4
*[name]tree_barren[x]77[z]200[height]3.9[diam]3.3
*[name]flag[x]3[z]201[height]1.0[diam]1.0
*[name]herring[x]10[z]201[height]1.0[diam]1.0
*[name]herring[x]51[z]202[height]1.0[diam]1.0
*[name]flag[x]38[z]205[height]1.0[diam]1.0
*[name]herring[x]8[z]206[height]1.0[diam]1.0
*[name]flag[x]27[z]207[height]1.0[diam]1.0
*[name]flag[x]59[z]209[height]1.0[diam]1.0
*[name]flag[x]2[z]212[height]1.0[diam]1.0
*[name]flag[x]35[z]215[height]1.0[diam]1.0
*[name]flag[x]26[z]217[height]1.0[diam]1.0
*[name]flag[x]3[z]218[height]1.0[diam]1.0
*[name]flag[x]28[z]224[height]1.0[diam]1.0
*[name]herring[x]51[z]224[height]1.0[diam]1.0
*[name]flag[x]59[z]226[height]1.0[diam]1.0
*[name]flag[x]3[z]228[height]1.0[diam]1.0
*[name]flag[x]25[z]228[height]1.0[diam]1.0
*[name]tree[x]42[z]228[height]2.0[diam]1.7
*[name]tree[x]40[z]231[height]3.0[diam]2.6
*[name]flag[x]57[z]233[height]1.0[diam]1.0
*[name]tree[x]39[z]234[height]2.1[diam]1.9
*[name]tree[x]76[z]234[height]3.4[diam]3.0
*[name]flag[x]4[z]237[height]1.0[diam]1.0
*[name]flag[x]53[z]240[height]1.0[diam]1.0
*[name]herring[x]47[z]241[height]1.0[diam]1.0
*[name]flag[x]48[z]246[height]1.0[diam]1.0
*[name]flag[x]6[z]247[height]1.0[diam]1.0
*[name]float[x]44[z]249[height]1.0[diam]1.0
*[name]tree[x]33[z]250[height]2.4[diam]1.8
*[name]tree[x]33[z]253[height]3.4[diam]3.3
*[name]herring[x]42[z]253[height]1.0[diam]1.0
*[name]shrub[x]59[z]253[height]1.5[diam]1.4
*[name]flag[x]7[z]255[height]1.0[diam]1.0
*[name]flag[x]45[z]255[height]1.0[diam]1.0
*[name]tree[x]60[z]255[height]1.9[diam]1.9
*[name]tree[x]33[z]256[height]3.0[diam]2.9
*[name]tree[x]60[z]257[height]2.0[diam]1.6
*[name]tree[x]61[z]260[height]3.0[diam]2.6
*[name]flag[x]9[z]261[height]1.0[diam]1.0
*[name]flag[x]47[z]263[height]1.0[diam]1.0
*[name]shrub[x]62[z]263[height]1.3[diam]1.0
*[name]herring[x]40[z]264[height]1.0[diam]1.0
*[name]flag[x]13[z]269[height]1.0[diam]1.0
*[name]tree[x]8[z]270[height]2.4[diam]2.0
*[name]tree[x]71[z]271[height]2.4[diam]1.8
*[name]shrub[x]7[z]272[height]1.6[diam]1.3
*[name]tree[x]7[z]274[height]2.9[diam]2.1
*[name]flag[x]50[z]274[height]1.0[diam]1.0
*[name]shrub[x]7[z]276[height]1.4[diam]1.1
*[name]flag[x]10[z]277[height]1.0[diam]1.0
*[name]herring[x]35[z]279[height]1.0[diam]1.0
*[name]flag[x]51[z]283[height]1.0[diam]1.0
*[name]flag[x]8[z]284[height]1.0[diam]1.0
*[name]shrub[x]23[z]287[height]1.3[diam]1.3
*[name]herring[x]35[z]289[height]1.0[diam]1.0
*[name]tree[x]58[z]289[height]1.8[diam]1.5
*[name]tree[x]59[z]291[height]2.6[diam]2.1
*[name]flag[x]8[z]292[height]1.0[diam]1.0
*[name]flag[x]55[z]293[height]1.0[diam]1.0
*[name]tree[x]60[z]293[height]3.0[diam]2.5
*[name]shrub[x]21[z]294[height]1.1[diam]0.9
*[name]shrub[x]24[z]294[height]0.9[diam]0.8
*[name]shrub[x]25[z]294[height]1.2[diam]1.1
*[name]shrub[x]26[z]294[height]1.0[diam]0.9
*[name]shrub[x]25[z]295[height]1.1[diam]1.0
*[name]shrub[x]22[z]296[height]0.9[diam]0.8
*[name]shrub[x]25[z]296[height]0.9[diam]0.8
*[name]shrub[x]24[z]297[height]0.9[diam]0.8
*[name]shrub[x]25[z]297[height]1.4[diam]1.0
*[name]shrub[x]28[z]298[height]1.4[diam]1.1
*[name]flag[x]7[z]299[height]1.0[diam]1.0
*[name]tree[x]43[z]299[height]2.0[diam]1.5
*[name]herring[x]35[z]300[height]1.0[diam]1.0
*[name]flag[x]54[z]301[height]1.0[diam]1.0
*[name]shrub[x]24[z]302[height]1.4[diam]1.3
*[name]shrub[x]26[z]303[height]0.9[diam]0.8
*[name]tree[x]41[z]303[height]2.1[diam]1.8
*[name]tree[x]42[z]305[height]1.9[diam]1.8
*[name]flag[x]7[z]306[height]1.0[diam]1.0
*[name]tree[x]40[z]310[height]3.3[diam]2.7
*[name]flag[x]52[z]310[height]1.0[diam]1.0
*[name]flag[x]7[z]317[height]1.0[diam]1.0
*[name]flag[x]52[z]320[height]1.0[diam]1.0
*[name]flag[x]7[z]328[height]1.0[diam]1.0
*[name]flag[x]52[z]330[height]1.0[diam]1.0
*[name]tree[x]73[z]330[height]2.4[diam]2.4
*[name]tree[x]38[z]332[height]2.9[diam]2.7
*[name]flag[x]7[z]337[height]1.0[diam]1.0
*[name]tree[x]75[z]339[height]3.2[diam]3.1
*[name]tree[x]56[z]341[height]2.3[diam]1.7
*[name]tree[x]2[z]342[height]3.1[diam]2.5
*[name]tree[x]22[z]342[height]3.2[diam]3.1
*[name]flag[x]49[z]342[height]1.0[diam]1.0
*[name]flag[x]6[z]343[height]1.0[diam]1.0
*[name]tree[x]22[z]343[height]3.1[diam]3.0
*[name]tree[x]38[z]345[height]2.3[diam]1.9
*[name]tree[x]36[z]346[height]3.4[diam]3.4
*[name]flag[x]51[z]355[height]1.0[diam]1.0
*[name]tree[x]13[z]357[height]3.1[diam]2.2
*[name]flag[x]4[z]358[height]1.0[diam]1.0
*[name]flag[x]5[z]363[height]1.0[diam]1.0
*[name]tree[x]8[z]364[height]2.1[diam]1.7
*[name]flag[x]49[z]365[height]1.0[diam]1.0
*[name]tree[x]66[z]367[height]3.1[diam]2.4
*[name]tree_barren[x]5[z]369[height]2.4[diam]2.3
*[name]flag[x]2[z]373[height]1.0[diam]1.0
*[name]tree_barren[x]21[z]373[height]3.6[diam]2.8
*[name]tree_barren[x]48[z]373[height]3.9[diam]3.4
*[name]flag[x]46[z]374[height]1.0[diam]1.0
*[name]tree_barren[x]24[z]375[height]3.2[diam]2.4
*[name]tree_barren[x]50[z]375[height]3.4[diam]2.5
*[name]tree_barren[x]26[z]377[height]4.0[diam]3.4
*[name]tree_barren[x]51[z]377[height]4.2[diam]3.2
*[name]tree_barren[x]27[z]380[height]3.1[diam]2.9
*[name]flag[x]3[z]382[height]1.0[diam]1.0
*[name]flag[x]46[z]383[height]1.0[diam]1.0
*[name]tree_barren[x]57[z]388[height]3.2[diam]2.5
*[name]flag[x]4[z]391[height]1.0[diam]1.0
*[name]tree_barren[x]48[z]393[height]3.4[diam]2.7
*[name]flag[x]46[z]395[height]1.0[diam]1.0
*[name]flag[x]5[z]398[height]1.0[diam]1.0
*[name]tree[x]19[z]399[height]2.1[diam]2.1
*[name]flag[x]49[z]401[height]1.0[diam]1.0
*[name]tree_barren[x]64[z]401[height]3.6[diam]2.7
*[name]flag[x]9[z]404[height]1.0[diam]1.0
*[name]herring[x]32[z]406[height]1.0[diam]1.0
*[name]flag[x]49[z]408[height]1.0[diam]1.0
*[name]flag[x]14[z]412[height]1.0[diam]1.0
*[name]flag[x]51[z]414[height]1.0[diam]1.0
*[name]herring[x]41[z]416[height]1.0[diam]1.0
*[name]flag[x]23[z]418[height]1.0[diam]1.0
*[name]tree[x]25[z]423[height]3.2[diam]2.7
*[name]flag[x]29[z]424[height]1.0[diam]1.0
*[name]flag[x]56[z]425[height]1.0[diam]1.0
*[name]flag[x]33[z]427[height]1.0[diam]1.0
*[name]herring[x]45[z]430[height]1.0[diam]1.0
*[name]tree[x]55[z]430[height]2.1[diam]2.1
*[name]tree[x]35[z]431[height]3.3[diam]3.2
*[name]tree_barren[x]17[z]433[height]2.5[diam]2.5
*[name]flag[x]36[z]434[height]1.0[diam]1.0
*[name]flag[x]56[z]434[height]1.0[diam]1.0
*[name]float[x]45[z]436[height]1.0[diam]1.0
*[name]tree_barren[x]20[z]437[height]4.0[diam]3.9
*[name]flag[x]36[z]439[height]1.0[diam]1.0
*[name]tree_barren[x]22[z]441[height]2.5[diam]2.3
*[name]herring[x]45[z]442[height]1.0[diam]1.0
*[name]tree_barren[x]24[z]445[height]3.2[diam]2.9
*[name]flag[x]35[z]445[height]1.0[diam]1.0
*[name]flag[x]54[z]445[height]1.0[diam]1.0
*[name]flag[x]50[z]452[height]1.0[diam]1.0
*[name]flag[x]30[z]454[height]1.0[diam]1.0
*[name]tree[x]64[z]456[height]3.3[diam]2.4
*[name]herring[x]35[z]458[height]1.0[diam]1.0
*[name]flag[x]46[z]458[height]1.0[diam]1.0
*[name]flag[x]28[z]461[height]1.0[diam]1.0
*[name]tree_barren[x]59[z]462[height]3.8[diam]3.6
*[name]flag[x]44[z]464[height]1.0[diam]1.0
*[name]tree[x]76[z]465[height]2.6[diam]2.5
*[name]tree_barren[x]54[z]466[height]4.2[diam]4.1
*[name]tree[x]74[z]466[height]2.7[diam]2.3
*[name]flag[x]26[z]468[height]1.0[diam]1.0
*[name]tree_barren[x]49[z]470[height]2.7[diam]2.0
*[name]herring[x]33[z]471[height]1.0[diam]1.0
*[name]flag[x]44[z]472[height]1.0[diam]1.0
*[name]tree[x]64[z]475[height]3.1[diam]2.6
*[name]tree[x]79[z]476[height]1.8[diam]1.5
*[name]tree[x]3[z]477[height]2.8[diam]2.7
*[name]tree[x]79[z]477[height]3.3[diam]3.1
*[name]flag[x]25[z]479[height]1.0[diam]1.0
*[name]herring[x]34[z]479[height]1.0[diam]1.0
*[name]flag[x]44[z]480[height]1.0[diam]1.0
*[name]flag[x]23[z]486[height]1.0[diam]1.0
*[name]flag[x]44[z]488[height]1.0[diam]1.0
*[name]flag[x]45[z]492[height]1.0[diam]1.0
*[name]flag[x]21[z]494[height]1.0[diam]1.0
*[name]tree[x]1[z]496[height]3.3[diam]3.0
*[name]tree[x]10[z]496[height]3.1[diam]2.3
*[name]tree_barren[x]54[z]498[height]3.6[diam]3.2
*[name]tree[x]67[z]498[height]3.4[diam]3.3
*[name]flag[x]48[z]501[height]1.0[diam]1.0
*[name]tree[x]78[z]501[height]2.4[diam]2.0
*[name]tree_barren[x]44[z]502[height]3.2[diam]2.5
*[name]flag[x]21[z]504[height]1.0[diam]1.0
*[name]tree[x]1[z]507[height]2.7[diam]2.2
*[name]tree_barren[x]35[z]508[height]2.2[diam]1.6
*[name]flag[x]52[z]508[height]1.0[diam]1.0
*[name]tree[x]2[z]510[height]1.9[diam]1.9
*[name]tree[x]2[z]511[height]1.8[diam]1.6
*[name]tree[x]2[z]513[height]2.6[diam]2.1
*[name]tree[x]5[z]513[height]3.0[diam]2.3
*[name]flag[x]21[z]513[height]1.0[diam]1.0
*[name]flag[x]54[z]517[height]1.0[diam]1.0
*[name]tree[x]5[z]522[height]3.1[diam]2.8
*[name]flag[x]20[z]523[height]1.0[diam]1.0
*[name]herring[x]29[z]527[height]1.0[diam]1.0
*[name]flag[x]58[z]527[height]1.0[diam]1.0
*[name]flag[x]20[z]532[height]1.0[diam]1.0
*[name]herring[x]53[z]534[height]1.0[diam]1.0
*[name]flag[x]59[z]535[height]1.0[diam]1.0
*[name]flag[x]19[z]542[height]1.0[diam]1.0
*[name]flag[x]58[z]542[height]1.0[diam]1.0
*[name]herring[x]52[z]543[height]1.0[diam]1.0
*[name]tree[x]2[z]545[height]3.0[diam]2.4
*[name]tree[x]2[z]546[height]2.8[diam]2.4
*[name]herring[x]29[z]546[height]1.0[diam]1.0
*[name]flag[x]19[z]550[height]1.0[diam]1.0
*[name]flag[x]35[z]550[height]1.0[diam]1.0
*[name]herring[x]51[z]551[height]1.0[diam]1.0
*[name]flag[x]58[z]551[height]1.0[diam]1.0
*[name]flag[x]57[z]555[height]1.0[diam]1.0
*[name]tree[x]8[z]556[height]2.0[diam]1.7
*[name]tree[x]2[z]557[height]2.2[diam]2.2
*[name]flag[x]19[z]558[height]1.0[diam]1.0
*[name]flag[x]34[z]558[height]1.0[diam]1.0
*[name]float[x]43[z]561[height]1.0[diam]1.0
*[name]flag[x]57[z]562[height]1.0[diam]1.0
*[name]tree[x]65[z]563[height]2.7[diam]2.6
*[name]herring[x]41[z]567[height]1.0[diam]1.0
*[name]flag[x]33[z]569[height]1.0[diam]1.0
*[name]tree[x]63[z]569[height]2.7[diam]2.3
*[name]flag[x]19[z]570[height]1.0[diam]1.0
*[name]herring[x]28[z]571[height]1.0[diam]1.0
*[name]herring[x]38[z]571[height]1.0[diam]1.0
*[name]flag[x]57[z]574[height]1.0[diam]1.0
*[name]tree[x]1[z]575[height]3.2[diam]3.1
*[name]flag[x]35[z]580[height]1.0[diam]1.0
*[name]flag[x]19[z]581[height]1.0[diam]1.0
*[name]tree[x]3[z]584[height]3.4[diam]2.7
*[name]flag[x]57[z]584[height]1.0[diam]1.0
*[name]flag[x]41[z]585[height]1.0[diam]1.0
*[name]herring[x]51[z]588[height]1.0[diam]1.0
*[name]tree[x]71[z]588[height]2.0[diam]1.6
*[name]flag[x]46[z]589[height]1.0[diam]1.0
*[name]flag[x]59[z]589[height]1.0[diam]1.0
*[name]flag[x]36[z]590[height]1.0[diam]1.0
*[name]flag[x]18[z]592[height]1.0[diam]1.0
*[name]tree[x]69[z]592[height]2.8[diam]2.1
*[name]tree[x]1[z]594[height]2.6[diam]2.3
*[name]tree_barren[x]45[z]594[height]2.4[diam]2.0
*[name]herring[x]28[z]595[height]1.0[diam]1.0
*[name]tree_barren[x]38[z]595[height]2.6[diam]2.3
*[name]flag[x]49[z]595[height]1.0[diam]1.0
*[name]herring[x]55[z]596[height]1.0[diam]1.0
*[name]flag[x]62[z]596[height]1.0[diam]1.0
*[name]flag[x]36[z]599[height]1.0[diam]1.0
*[name]flag[x]64[z]602[height]1.0[diam]1.0
*[name]flag[x]51[z]603[height]1.0[diam]1.0
*[name]flag[x]17[z]604[height]1.0[diam]1.0
*[name]herring[x]57[z]606[height]1.0[diam]1.0
*[name]flag[x]37[z]608[height]1.0[diam]1.0
*[name]tree_barren[x]49[z]610[height]3.7[diam]3.6
*[name]flag[x]52[z]610[height]1.0[diam]1.0
*[name]tree_barren[x]39[z]611[height]3.8[diam]3.3
*[name]tree[x]3[z]612[height]2.9[diam]2.5
*[name]flag[x]65[z]612[height]1.0[diam]1.0
*[name]flag[x]17[z]615[height]1.0[diam]1.0
*[name]flag[x]52[z]617[height]1.0[diam]1.0
*[name]flag[x]38[z]618[height]1.0[diam]1.0
*[name]herring[x]29[z]619[height]1.0[diam]1.0
*[name]flag[x]65[z]620[height]1.0[diam]1.0
*[name]tree[x]1[z]622[height]3.2[diam]2.5
*[name]flag[x]41[z]624[height]1.0[diam]1.0
*[name]flag[x]17[z]625[height]1.0[diam]1.0
*[name]flag[x]52[z]625[height]1.0[diam]1.0
*[name]tree_barren[x]47[z]627[height]2.2[diam]2.2
*[name]flag[x]65[z]628[height]1.0[diam]1.0
*[name]flag[x]43[z]633[height]1.0[diam]1.0
*[name]flag[x]19[z]635[height]1.0[diam]1.0
*[name]flag[x]52[z]635[height]1.0[diam]1.0
*[name]flag[x]68[z]639[height]1.0[diam]1.0
*[name]herring[x]38[z]648[height]1.0[diam]1.0
*[name]flag[x]46[z]648[height]1.0[diam]1.0
*[name]flag[x]50[z]648[height]1.0[diam]1.0
*[name]flag[x]28[z]649[height]1.0[diam]1.0
*[name]flag[x]65[z]651[height]1.0[diam]1.0
*[name]herring[x]39[z]652[height]1.0[diam]1.0
*[name]flag[x]31[z]653[height]1.0[diam]1.0
*[name]flag[x]46[z]654[height]1.0[diam]1.0
*[name]herring[x]40[z]658[height]1.0[diam]1.0
*[name]flag[x]33[z]659[height]1.0[diam]1.0
*[name]flag[x]49[z]659[height]1.0[diam]1.0
*[name]herring[x]56[z]660[height]1.0[diam]1.0
*[name]tree_barren[x]65[z]661[height]3.6[diam]2.9
*[name]tree[x]71[z]661[height]3.2[diam]2.5
*[name]flag[x]46[z]662[height]1.0[diam]1.0
*[name]flag[x]62[z]662[height]1.0[diam]1.0
*[name]herring[x]40[z]664[height]1.0[diam]1.0
*[name]flag[x]34[z]665[height]1.0[diam]1.0
*[name]flag[x]46[z]666[height]1.0[diam]1.0
*[name]tree_barren[x]63[z]667[height]2.7[diam]2.2
*[name]tree[x]74[z]667[height]2.9[diam]2.1
*[name]herring[x]52[z]670[height]1.0[diam]1.0
*[name]flag[x]59[z]671[height]1.0[diam]1.0
*[name]flag[x]35[z]673[height]1.0[diam]1.0
*[name]tree_barren[x]61[z]673[height]2.5[diam]2.2
*[name]tree[x]76[z]674[height]2.4[diam]2.0
*[name]tree_barren[x]17[z]675[height]2.1[diam]2.1
*[name]herring[x]49[z]679[height]1.0[diam]1.0
*[name]tree_barren[x]60[z]679[height]3.0[diam]2.6
*[name]tree_barren[x]18[z]680[height]3.5[diam]3.1
*[name]tree_barren[x]27[z]680[height]4.1[diam]4.0
*[name]flag[x]57[z]681[height]1.0[diam]1.0
*[name]tree[x]78[z]681[height]2.0[diam]1.8
*[name]tree_barren[x]22[z]682[height]3.9[diam]3.8
*[name]flag[x]35[z]684[height]1.0[diam]1.0
*[name]herring[x]48[z]685[height]1.0[diam]1.0
*[name]flag[x]54[z]688[height]1.0[diam]1.0
*[name]tree_barren[x]9[z]690[height]2.5[diam]2.1
*[name]tree_barren[x]6[z]693[height]3.1[diam]3.1
*[name]tree_barren[x]14[z]695[height]3.6[diam]3.1
*[name]tree_barren[x]6[z]697[height]4.0[diam]3.3
*[name]flag[x]53[z]697[height]1.0[diam]1.0
*[name]flag[x]32[z]698[height]1.0[diam]1.0
*[name]tree_barren[x]10[z]699[height]3.8[diam]3.5
*[name]tree[x]72[z]699[height]2.8[diam]2.0
*[name]tree[x]73[z]705[height]1.8[diam]1.4
*[name]flag[x]30[z]707[height]1.0[diam]1.0
*[name]flag[x]53[z]708[height]1.0[diam]1.0
*[name]tree[x]74[z]711[height]2.0[diam]1.6
*[name]herring[x]37[z]712[height]1.0[diam]1.0
*[name]flag[x]28[z]713[height]1.0[diam]1.0
*[name]flag[x]45[z]716[height]1.0[diam]1.0
*[name]tree[x]74[z]716[height]3.2[diam]2.7
*[name]herring[x]34[z]720[height]1.0[diam]1.0
*[name]tree[x]75[z]721[height]2.7[diam]2.6
*[name]flag[x]47[z]722[height]1.0[diam]1.0
*[name]flag[x]56[z]722[height]1.0[diam]1.0
*[name]flag[x]25[z]723[height]1.0[diam]1.0
*[name]flag[x]41[z]724[height]1.0[diam]1.0
*[name]herring[x]51[z]725[height]1.0[diam]1.0
*[name]herring[x]31[z]727[height]1.0[diam]1.0
*[name]flag[x]47[z]728[height]1.0[diam]1.0
*[name]flag[x]23[z]731[height]1.0[diam]1.0
*[name]flag[x]36[z]733[height]1.0[diam]1.0
*[name]herring[x]50[z]733[height]1.0[diam]1.0
*[name]flag[x]55[z]735[height]1.0[diam]1.0
*[name]flag[x]21[z]739[height]1.0[diam]1.0
*[name]herring[x]28[z]740[height]1.0[diam]1.0
*[name]flag[x]44[z]740[height]1.0[diam]1.0
*[name]flag[x]34[z]742[height]1.0[diam]1.0
*[name]herring[x]47[z]742[height]1.0[diam]1.0
*[name]tree_barren[x]9[z]744[height]3.2[diam]3.1
*[name]flag[x]51[z]744[height]1.0[diam]1.0
*[name]tree_barren[x]6[z]748[height]2.7[diam]2.1
*[name]flag[x]18[z]749[height]1.0[diam]1.0
*[name]flag[x]33[z]749[height]1.0[diam]1.0
*[name]flag[x]41[z]749[height]1.0[diam]1.0
*[name]herring[x]25[z]751[height]1.0[diam]1.0
*[name]flag[x]48[z]752[height]1.0[diam]1.0
*[name]tree_barren[x]7[z]753[height]3.2[diam]2.5
*[name]herring[x]43[z]755[height]1.0[diam]1.0
*[name]flag[x]31[z]756[height]1.0[diam]1.0
*[name]tree_barren[x]64[z]757[height]2.3[diam]2.0
*[name]tree_barren[x]8[z]758[height]4.1[diam]3.9
*[name]flag[x]40[z]759[height]1.0[diam]1.0
*[name]flag[x]48[z]761[height]1.0[diam]1.0
*[name]flag[x]16[z]762[height]1.0[diam]1.0
*[name]herring[x]23[z]762[height]1.0[diam]1.0
*[name]herring[x]42[z]762[height]1.0[diam]1.0
*[name]tree_barren[x]34[z]763[height]3.4[diam]2.5
*[name]tree_barren[x]60[z]763[height]2.9[diam]2.1
*[name]tree_barren[x]7[z]764[height]2.3[diam]1.7
*[name]flag[x]29[z]765[height]1.0[diam]1.0
*[name]tree_barren[x]6[z]768[height]3.3[diam]3.3
*[name]flag[x]39[z]768[height]1.0[diam]1.0
*[name]flag[x]49[z]768[height]1.0[diam]1.0
*[name]tree_barren[x]57[z]769[height]3.0[diam]2.5
*[name]flag[x]15[z]770[height]1.0[diam]1.0
*[name]tree_barren[x]32[z]770[height]3.6[diam]2.6
*[name]herring[x]43[z]772[height]1.0[diam]1.0
*[name]tree_barren[x]4[z]773[height]3.0[diam]2.8
*[name]flag[x]49[z]775[height]1.0[diam]1.0
*[name]tree_barren[x]57[z]775[height]2.7[diam]2.3
*[name]flag[x]13[z]777[height]1.0[diam]1.0
*[name]flag[x]27[z]777[height]1.0[diam]1.0
*[name]tree_barren[x]32[z]777[height]4.2[diam]3.0
*[name]tree_barren[x]4[z]778[height]2.2[diam]1.9
*[name]tree_barren[x]58[z]779[height]4.0[diam]3.4
*[name]flag[x]41[z]780[height]1.0[diam]1.0
*[name]tree_barren[x]33[z]782[height]3.1[diam]2.4
*[name]flag[x]51[z]782[height]1.0[diam]1.0
*[name]tree_barren[x]5[z]783[height]3.6[diam]3.6
*[name]herring[x]46[z]783[height]1.0[diam]1.0
*[name]tree_barren[x]60[z]783[height]2.9[diam]2.7
*[name]flag[x]11[z]784[height]1.0[diam]1.0
*[name]flag[x]25[z]785[height]1.0[diam]1.0
*[name]tree_barren[x]34[z]788[height]3.5[diam]2.8
*[name]flag[x]44[z]788[height]1.0[diam]1.0
*[name]tree_barren[x]4[z]789[height]3.5[diam]2.8
*[name]tree_barren[x]62[z]789[height]3.0[diam]2.1
*[name]flag[x]54[z]790[height]1.0[diam]1.0
*[name]flag[x]10[z]792[height]1.0[diam]1.0
*[name]herring[x]48[z]792[height]1.0[diam]1.0
*[name]tree_barren[x]36[z]793[height]2.8[diam]2.4
*[name]flag[x]24[z]795[height]1.0[diam]1.0
*[name]herring[x]15[z]796[height]1.0[diam]1.0
*[name]flag[x]45[z]796[height]1.0[diam]1.0
*[name]tree_barren[x]38[z]798[height]2.2[diam]2.2
*[name]flag[x]57[z]798[height]1.0[diam]1.0
*[name]herring[x]52[z]799[height]1.0[diam]1.0
*[name]flag[x]9[z]801[height]1.0[diam]1.0
*[name]flag[x]23[z]802[height]1.0[diam]1.0
*[name]herring[x]14[z]803[height]1.0[diam]1.0
*[name]flag[x]60[z]803[height]1.0[diam]1.0
*[name]tree_barren[x]41[z]804[height]3.1[diam]2.6
*[name]flag[x]49[z]806[height]1.0[diam]1.0
*[name]flag[x]10[z]809[height]1.0[diam]1.0
*[name]herring[x]14[z]809[height]1.0[diam]1.0
*[name]flag[x]23[z]809[height]1.0[diam]1.0
*[name]herring[x]55[z]809[height]1.0[diam]1.0
*[name]tree_barren[x]44[z]810[height]2.7[diam]2.0
*[name]flag[x]63[z]813[height]1.0[diam]1.0
*[name]herring[x]15[z]814[height]1.0[diam]1.0
*[name]tree_barren[x]46[z]815[height]3.2[diam]2.9
*[name]flag[x]53[z]815[height]1.0[diam]1.0
*[name]flag[x]11[z]817[height]1.0[diam]1.0
*[name]flag[x]26[z]817[height]1.0[diam]1.0
*[name]herring[x]59[z]819[height]1.0[diam]1.0
*[name]tree_barren[x]49[z]820[height]4.0[diam]3.7
*[name]flag[x]57[z]823[height]1.0[diam]1.0
*[name]flag[x]64[z]823[height]1.0[diam]1.0
*[name]flag[x]29[z]824[height]1.0[diam]1.0
*[name]flag[x]14[z]825[height]1.0[diam]1.0
*[name]tree_barren[x]53[z]826[height]2.6[diam]2.5
*[name]herring[x]27[z]830[height]1.0[diam]1.0
*[name]flag[x]17[z]832[height]1.0[diam]1.0
*[name]flag[x]34[z]833[height]1.0[diam]1.0
*[name]tree_barren[x]53[z]834[height]3.8[diam]3.1
*[name]flag[x]64[z]835[height]1.0[diam]1.0
*[name]flag[x]58[z]837[height]1.0[diam]1.0
*[name]float[x]27[z]838[height]1.0[diam]1.0
*[name]herring[x]30[z]838[height]1.0[diam]1.0
*[name]flag[x]20[z]839[height]1.0[diam]1.0
*[name]tree_barren[x]54[z]841[height]2.8[diam]2.6
*[name]flag[x]35[z]842[height]1.0[diam]1.0
*[name]herring[x]31[z]844[height]1.0[diam]1.0
*[name]flag[x]62[z]845[height]1.0[diam]1.0
*[name]tree_barren[x]52[z]846[height]3.9[diam]3.7
*[name]tree_barren[x]53[z]846[height]3.9[diam]3.4
*[name]flag[x]20[z]847[height]1.0[diam]1.0
*[name]flag[x]55[z]848[height]1.0[diam]1.0
*[name]herring[x]30[z]850[height]1.0[diam]1.0
*[name]flag[x]35[z]852[height]1.0[diam]1.0
*[name]flag[x]52[z]853[height]1.0[diam]1.0
*[name]flag[x]17[z]856[height]1.0[diam]1.0
*[name]flag[x]58[z]858[height]1.0[diam]1.0
*[name]herring[x]26[z]859[height]1.0[diam]1.0
*[name]flag[x]33[z]859[height]1.0[diam]1.0
*[name]flag[x]47[z]862[height]1.0[diam]1.0
*[name]flag[x]14[z]865[height]1.0[diam]1.0
*[name]flag[x]55[z]867[height]1.0[diam]1.0
*[name]flag[x]31[z]868[height]1.0[diam]1.0
*[name]tree_barren[x]36[z]871[height]3.8[diam]2.9
*[name]flag[x]42[z]871[height]1.0[diam]1.0
*[name]flag[x]16[z]874[height]1.0[diam]1.0
*[name]flag[x]33[z]875[height]1.0[diam]1.0
*[name]flag[x]40[z]875[height]1.0[diam]1.0
*[name]flag[x]54[z]877[height]1.0[diam]1.0
*[name]flag[x]19[z]878[height]1.0[diam]1.0
*[name]flag[x]36[z]880[height]1.0[diam]1.0
*[name]flag[x]25[z]884[height]1.0[diam]1.0
*[name]flag[x]50[z]885[height]1.0[diam]1.0
*[name]flag[x]30[z]889[height]1.0[diam]1.0
*[name]float[x]38[z]892[height]1.0[diam]1.0
*[name]start[x]38[z]893[height]6.0[diam]9.0
*[name]flag[x]31[z]894[height]1.0[diam]1.0
*[name]flag[x]48[z]894[height]1.0[diam]1.0
