*[name]finish[x]122[z]2[height]6.0[diam]9.0
*[name]tree[x]135[z]2[height]2.8[diam]2.6
*[name]tree[x]112[z]4[height]2.9[diam]2.4
*[name]tree[x]96[z]7[height]2.2[diam]1.9
*[name]flag[x]120[z]9[height]1.0[diam]1.0
*[name]herring[x]123[z]9[height]1.0[diam]1.0
*[name]flag[x]128[z]9[height]1.0[diam]1.0
*[name]tree[x]112[z]10[height]1.8[diam]1.5
*[name]tree[x]136[z]10[height]3.5[diam]2.9
*[name]tree[x]137[z]10[height]2.2[diam]2.2
*[name]tree[x]147[z]11[height]1.9[diam]1.7
*[name]shrub[x]120[z]18[height]0.9[diam]0.7
*[name]flag[x]129[z]18[height]1.0[diam]1.0
*[name]tree[x]139[z]18[height]2.2[diam]1.8
*[name]flag[x]122[z]19[height]1.0[diam]1.0
*[name]herring[x]125[z]19[height]1.0[diam]1.0
*[name]herring[x]125[z]20[height]1.0[diam]1.0
*[name]tree[x]115[z]21[height]3.0[diam]2.5
*[name]tree_barren[x]108[z]23[height]3.0[diam]2.5
*[name]tree[x]141[z]28[height]2.4[diam]2.0
*[name]tree[x]102[z]30[height]3.0[diam]2.5
*[name]shrub[x]133[z]33[height]1.1[diam]1.1
*[name]tree[x]116[z]34[height]2.5[diam]2.0
*[name]tree[x]140[z]36[height]2.0[diam]1.5
*[name]flag[x]122[z]37[height]1.0[diam]1.0
*[name]herring[x]127[z]37[height]1.0[diam]1.0
*[name]tree[x]153[z]37[height]1.8[diam]1.7
*[name]herring[x]127[z]38[height]1.0[diam]1.0
*[name]flag[x]130[z]38[height]1.0[diam]1.0
*[name]tree[x]138[z]45[height]2.5[diam]2.0
*[name]tree[x]115[z]47[height]2.3[diam]1.9
*[name]flag[x]122[z]53[height]1.0[diam]1.0
*[name]herring[x]125[z]53[height]1.0[diam]1.0
*[name]herring[x]125[z]54[height]1.0[diam]1.0
*[name]flag[x]130[z]54[height]1.0[diam]1.0
*[name]tree[x]100[z]55[height]2.8[diam]2.2
*[name]herring[x]125[z]55[height]1.0[diam]1.0
*[name]tree[x]136[z]56[height]3.2[diam]3.1
*[name]tree_barren[x]143[z]57[height]2.5[diam]2.4
*[name]tree[x]151[z]58[height]2.7[diam]2.1
*[name]tree[x]113[z]62[height]1.8[diam]1.7
*[name]shrub[x]118[z]64[height]1.4[diam]1.3
*[name]tree[x]136[z]68[height]2.1[diam]1.5
*[name]tree_barren[x]117[z]71[height]2.4[diam]2.1
*[name]tree[x]149[z]71[height]2.6[diam]2.4
*[name]herring[x]124[z]75[height]1.0[diam]1.0
*[name]tree[x]97[z]79[height]1.9[diam]1.8
*[name]tree[x]136[z]82[height]3.1[diam]2.6
*[name]tree[x]112[z]83[height]2.0[diam]1.9
*[name]flag[x]119[z]86[height]1.0[diam]1.0
*[name]herring[x]121[z]87[height]1.0[diam]1.0
*[name]flag[x]124[z]87[height]1.0[diam]1.0
*[name]herring[x]121[z]88[height]1.0[diam]1.0
*[name]herring[x]121[z]89[height]1.0[diam]1.0
*[name]tree[x]150[z]91[height]2.7[diam]2.0
*[name]tree[x]133[z]94[height]2.9[diam]2.9
*[name]shrub[x]128[z]97[height]1.2[diam]1.2
*[name]tree[x]112[z]99[height]2.4[diam]2.4
*[name]tree[x]134[z]102[height]2.2[diam]1.7
*[name]herring[x]122[z]106[height]1.0[diam]1.0
*[name]tree[x]150[z]106[height]3.2[diam]2.7
*[name]herring[x]122[z]107[height]1.0[diam]1.0
*[name]tree_barren[x]107[z]108[height]2.4[diam]1.9
*[name]herring[x]122[z]108[height]1.0[diam]1.0
*[name]tree[x]110[z]109[height]3.0[diam]2.3
*[name]shrub[x]114[z]110[height]1.0[diam]0.8
*[name]tree[x]135[z]111[height]3.3[diam]2.7
*[name]flag[x]121[z]115[height]1.0[diam]1.0
*[name]flag[x]126[z]115[height]1.0[diam]1.0
*[name]tree[x]111[z]119[height]2.4[diam]2.4
*[name]tree[x]150[z]119[height]3.4[diam]3.2
*[name]tree[x]99[z]120[height]3.2[diam]3.2
*[name]herring[x]123[z]122[height]1.0[diam]1.0
*[name]tree[x]138[z]122[height]2.8[diam]2.5
*[name]herring[x]123[z]123[height]1.0[diam]1.0
*[name]tree_barren[x]142[z]128[height]3.1[diam]2.9
*[name]tree[x]113[z]130[height]2.5[diam]1.8
*[name]tree[x]137[z]130[height]3.2[diam]2.3
*[name]tree[x]137[z]131[height]3.5[diam]2.7
*[name]tree_barren[x]134[z]134[height]2.1[diam]1.7
*[name]shrub[x]130[z]136[height]1.0[diam]0.8
*[name]herring[x]122[z]137[height]1.0[diam]1.0
*[name]tree[x]138[z]141[height]2.7[diam]2.0
*[name]tree[x]153[z]142[height]3.0[diam]2.7
*[name]tree[x]114[z]146[height]2.5[diam]2.0
*[name]tree[x]106[z]149[height]3.2[diam]2.8
*[name]shrub[x]116[z]152[height]1.4[diam]1.3
*[name]flag[x]119[z]155[height]1.0[diam]1.0
*[name]herring[x]121[z]155[height]1.0[diam]1.0
*[name]flag[x]124[z]155[height]1.0[diam]1.0
*[name]tree_barren[x]112[z]158[height]3.9[diam]2.8
*[name]tree[x]140[z]159[height]3.0[diam]2.7
*[name]tree[x]114[z]160[height]3.3[diam]2.8
*[name]tree[x]140[z]160[height]3.0[diam]2.6
*[name]tree[x]157[z]162[height]1.8[diam]1.4
*[name]tree[x]139[z]171[height]2.1[diam]1.8
*[name]herring[x]122[z]173[height]1.0[diam]1.0
*[name]tree[x]115[z]176[height]2.2[diam]1.5
*[name]shrub[x]135[z]182[height]1.3[diam]1.0
*[name]tree[x]141[z]182[height]2.2[diam]1.9
*[name]tree[x]117[z]187[height]2.7[diam]2.3
*[name]herring[x]126[z]189[height]1.0[diam]1.0
*[name]herring[x]126[z]190[height]1.0[diam]1.0
*[name]tree[x]107[z]191[height]3.1[diam]2.3
*[name]herring[x]126[z]191[height]1.0[diam]1.0
*[name]flag[x]123[z]192[height]1.0[diam]1.0
*[name]flag[x]129[z]192[height]1.0[diam]1.0
*[name]tree[x]157[z]192[height]2.6[diam]2.2
*[name]tree[x]143[z]193[height]3.1[diam]3.0
*[name]tree_barren[x]150[z]200[height]3.8[diam]3.3
*[name]shrub[x]122[z]201[height]1.2[diam]1.0
*[name]tree[x]118[z]202[height]2.3[diam]1.7
*[name]herring[x]126[z]207[height]1.0[diam]1.0
*[name]tree[x]144[z]209[height]2.7[diam]2.7
*[name]tree_barren[x]117[z]210[height]4.1[diam]3.4
*[name]tree[x]157[z]213[height]2.5[diam]2.3
*[name]tree[x]114[z]214[height]3.4[diam]2.8
*[name]tree[x]99[z]219[height]3.2[diam]2.4
*[name]flag[x]120[z]219[height]1.0[diam]1.0
*[name]herring[x]124[z]219[height]1.0[diam]1.0
*[name]flag[x]127[z]220[height]1.0[diam]1.0
*[name]tree[x]146[z]221[height]3.4[diam]2.4
*[name]tree[x]110[z]226[height]2.0[diam]1.6
*[name]shrub[x]135[z]226[height]1.1[diam]0.9
*[name]tree[x]144[z]232[height]3.3[diam]3.1
*[name]tree[x]106[z]233[height]3.1[diam]2.8
*[name]herring[x]121[z]237[height]1.0[diam]1.0
*[name]herring[x]121[z]238[height]1.0[diam]1.0
*[name]tree[x]141[z]243[height]3.3[diam]2.6
*[name]tree[x]104[z]244[height]1.8[diam]1.6
*[name]tree_barren[x]99[z]245[height]2.4[diam]2.2
*[name]tree[x]91[z]251[height]2.2[diam]1.9
*[name]tree[x]160[z]251[height]2.2[diam]1.9
*[name]shrub[x]112[z]253[height]1.5[diam]1.4
*[name]flag[x]119[z]255[height]1.0[diam]1.0
*[name]herring[x]121[z]255[height]1.0[diam]1.0
*[name]flag[x]124[z]255[height]1.0[diam]1.0
*[name]tree[x]141[z]256[height]2.6[diam]2.3
*[name]tree[x]104[z]258[height]2.2[diam]2.1
*[name]herring[x]121[z]268[height]1.0[diam]1.0
*[name]tree[x]138[z]269[height]2.3[diam]1.7
*[name]tree[x]160[z]269[height]2.4[diam]1.8
*[name]tree[x]104[z]271[height]2.2[diam]1.7
*[name]shrub[x]132[z]274[height]1.0[diam]0.8
*[name]tree[x]91[z]279[height]2.9[diam]2.5
*[name]tree_barren[x]137[z]280[height]3.6[diam]3.1
*[name]tree[x]147[z]282[height]2.2[diam]1.9
*[name]tree[x]148[z]282[height]2.0[diam]1.5
*[name]tree[x]105[z]283[height]3.1[diam]2.3
*[name]flag[x]119[z]284[height]1.0[diam]1.0
*[name]herring[x]124[z]284[height]1.0[diam]1.0
*[name]shrub[x]114[z]285[height]1.5[diam]1.4
*[name]herring[x]124[z]285[height]1.0[diam]1.0
*[name]flag[x]128[z]285[height]1.0[diam]1.0
*[name]tree[x]142[z]290[height]3.4[diam]2.4
*[name]tree_barren[x]150[z]290[height]2.9[diam]2.2
*[name]tree[x]107[z]295[height]2.7[diam]2.0
*[name]tree[x]141[z]299[height]3.5[diam]2.5
*[name]tree[x]156[z]299[height]3.1[diam]2.4
*[name]herring[x]124[z]300[height]1.0[diam]1.0
*[name]herring[x]124[z]301[height]1.0[diam]1.0
*[name]tree[x]95[z]304[height]3.4[diam]2.5
*[name]shrub[x]132[z]306[height]1.1[diam]0.9
*[name]tree[x]144[z]306[height]2.2[diam]1.9
*[name]tree[x]144[z]307[height]2.8[diam]2.3
*[name]tree[x]109[z]312[height]3.3[diam]2.6
*[name]tree[x]140[z]314[height]3.3[diam]2.9
*[name]tree[x]140[z]315[height]3.1[diam]2.3
*[name]flag[x]122[z]316[height]1.0[diam]1.0
*[name]herring[x]124[z]316[height]1.0[diam]1.0
*[name]flag[x]127[z]316[height]1.0[diam]1.0
*[name]tree[x]156[z]320[height]1.9[diam]1.8
*[name]tree_barren[x]103[z]321[height]2.6[diam]2.4
*[name]shrub[x]118[z]322[height]0.9[diam]0.9
*[name]tree[x]143[z]322[height]2.9[diam]2.9
*[name]tree[x]109[z]324[height]1.8[diam]1.3
*[name]tree_barren[x]114[z]331[height]2.4[diam]2.1
*[name]tree[x]143[z]334[height]1.9[diam]1.4
*[name]herring[x]122[z]335[height]1.0[diam]1.0
*[name]tree[x]97[z]337[height]2.8[diam]2.6
*[name]tree[x]153[z]340[height]2.3[diam]2.0
*[name]tree[x]110[z]342[height]3.4[diam]3.0
*[name]shrub[x]133[z]343[height]1.5[diam]1.1
*[name]tree[x]141[z]343[height]2.1[diam]1.7
*[name]flag[x]118[z]352[height]1.0[diam]1.0
*[name]herring[x]121[z]352[height]1.0[diam]1.0
*[name]flag[x]124[z]352[height]1.0[diam]1.0
*[name]shrub[x]114[z]353[height]1.3[diam]1.0
*[name]tree[x]137[z]354[height]2.8[diam]2.4
*[name]tree_barren[x]144[z]357[height]3.5[diam]2.9
*[name]tree[x]98[z]362[height]2.7[diam]2.5
*[name]tree[x]108[z]362[height]2.3[diam]2.1
*[name]tree[x]139[z]366[height]2.7[diam]2.2
*[name]herring[x]121[z]372[height]1.0[diam]1.0
*[name]tree[x]137[z]372[height]3.1[diam]2.3
*[name]tree[x]153[z]372[height]2.3[diam]2.2
*[name]tree[x]108[z]376[height]2.1[diam]1.7
*[name]shrub[x]131[z]378[height]1.1[diam]0.9
*[name]tree[x]139[z]378[height]2.8[diam]2.7
*[name]tree_barren[x]134[z]385[height]2.3[diam]2.3
*[name]tree[x]137[z]387[height]2.4[diam]1.7
*[name]herring[x]122[z]390[height]1.0[diam]1.0
*[name]tree[x]108[z]392[height]2.7[diam]2.0
*[name]tree[x]95[z]393[height]2.0[diam]1.9
*[name]shrub[x]112[z]396[height]1.3[diam]1.1
*[name]tree[x]140[z]400[height]3.2[diam]2.4
*[name]tree[x]150[z]400[height]2.0[diam]1.7
*[name]tree_barren[x]100[z]404[height]3.2[diam]2.8
*[name]flag[x]117[z]406[height]1.0[diam]1.0
*[name]herring[x]120[z]406[height]1.0[diam]1.0
*[name]flag[x]124[z]406[height]1.0[diam]1.0
*[name]tree[x]108[z]407[height]2.2[diam]2.1
*[name]tree[x]108[z]408[height]2.4[diam]2.2
*[name]tree[x]135[z]409[height]2.1[diam]1.5
*[name]tree[x]107[z]420[height]3.3[diam]2.9
*[name]herring[x]119[z]421[height]1.0[diam]1.0
*[name]tree[x]141[z]426[height]3.3[diam]2.4
*[name]tree[x]98[z]430[height]3.5[diam]2.6
*[name]tree[x]134[z]435[height]2.3[diam]2.0
*[name]tree[x]106[z]436[height]1.8[diam]1.5
*[name]shrub[x]130[z]438[height]1.2[diam]1.0
*[name]flag[x]123[z]439[height]1.0[diam]1.0
*[name]flag[x]116[z]440[height]1.0[diam]1.0
*[name]herring[x]119[z]440[height]1.0[diam]1.0
*[name]tree[x]147[z]444[height]2.5[diam]2.5
*[name]tree[x]133[z]445[height]2.6[diam]2.3
*[name]tree_barren[x]109[z]447[height]3.6[diam]3.5
*[name]tree[x]106[z]450[height]2.2[diam]1.9
*[name]tree_barren[x]139[z]450[height]2.3[diam]1.8
*[name]herring[x]121[z]453[height]1.0[diam]1.0
*[name]tree[x]133[z]454[height]1.8[diam]1.6
*[name]shrub[x]109[z]458[height]1.7[diam]1.3
*[name]tree[x]132[z]462[height]2.4[diam]2.0
*[name]tree[x]97[z]463[height]3.5[diam]3.0
*[name]tree[x]107[z]464[height]2.6[diam]2.5
*[name]flag[x]116[z]466[height]1.0[diam]1.0
*[name]herring[x]120[z]466[height]1.0[diam]1.0
*[name]flag[x]124[z]467[height]1.0[diam]1.0
*[name]tree[x]106[z]476[height]1.8[diam]1.5
*[name]tree[x]132[z]476[height]3.4[diam]3.4
*[name]tree_barren[x]99[z]479[height]3.1[diam]2.4
*[name]tree_barren[x]126[z]480[height]3.2[diam]2.7
*[name]tree[x]125[z]485[height]3.0[diam]2.9
*[name]tree[x]101[z]486[height]3.2[diam]2.4
*[name]tree[x]136[z]487[height]3.4[diam]2.7
*[name]tree[x]92[z]489[height]3.0[diam]2.6
*[name]start[x]114[z]493[height]6.0[diam]9.0
*[name]tree[x]97[z]494[height]2.3[diam]2.2
*[name]tree[x]128[z]496[height]2.0[diam]1.6
