*[name] Ski Jump [dir] ski_jump
*[name] Tux Toboggan Run [dir] tux-toboggan_run
*[name] Slalom [dir] slalom
*[name] High Road [dir] high_road
*[name] Keep it Up [dir] keep_it_up
*[name] I've got a Woody !! [dir] ive_got_a_woody
*[name] Ice Labyrinth [dir] ice_labyrinth
*[name] Mt. Herring [dir] mount_herring
*[name] Hamburger Hill [dir] hamburger_hill
*[name] Dead Man's Drop [dir] deadman
*[name] Mount Satan [dir] mount_satan
*[name] Snow Valley [dir] snow_valley
*[name] Hazzard Valley [dir] hazzard_valley
*[name] Skull Mountain  [dir] skull_mountain
*[name] The Narrow Way [dir] the_narrow_way
*[name] Candy Lane [dir] Candy_Lane
*[name] CraZY PaTh [dir] Crazy_Path
*[name] Hey, Tux [dir] hey_tux
*[name] Ice Pipeline [dir] ice_pipeline
*[name] Who says Penguins Can't Fly? [dir] penguins_cant_fly
